2025-12-03 11:53:03,699 - INFO - Processing schedule file: .\Agent Schedules (Dec 1st - 21st).xlsx
2025-12-03 11:53:04,012 - ERROR - Error processing files: cannot assemble with duplicate keys
2025-12-03 11:53:04,013 - ERROR - Processing failed: cannot assemble with duplicate keys
2025-12-03 12:01:48,849 - INFO - Processing schedule file: .\Agent Schedules (Dec 1st - 21st).xlsx
2025-12-03 12:01:50,617 - ERROR - Error processing files: cannot assemble with duplicate keys
2025-12-03 12:01:50,618 - ERROR - Processing failed: cannot assemble with duplicate keys
2025-12-03 12:06:23,695 - INFO - Processing schedule file: .\Agent Schedules (Dec 1st - 21st).xlsx
2025-12-03 12:06:23,871 - ERROR - Error processing files: Missing required column: ID
2025-12-03 12:06:23,872 - ERROR - Processing failed: Missing required column: ID
2025-12-03 12:13:59,226 - INFO - Processing schedule file: .\Agent Schedules (Dec 1st - 21st).xlsx
2025-12-03 12:13:59,397 - ERROR - Error processing files: Missing required columns: First Name, Last Name
2025-12-03 12:13:59,397 - ERROR - Processing failed: Missing required columns: First Name, Last Name
2025-12-03 12:15:40,303 - INFO - Processing schedule file: .\Agent Schedules (Dec 1st - 21st).xlsx
2025-12-03 12:15:40,620 - INFO - Processed 2394 schedule records
2025-12-03 12:15:40,621 - INFO - Processing roster file: .\Agent_affiliations.xlsx
2025-12-03 12:15:40,646 - INFO - Processed 134 roster records
2025-12-03 12:15:40,647 - INFO - Processing code file: .\Exceptions.xlsx
2025-12-03 12:15:40,666 - ERROR - Error processing files: Missing required columns: Start Date, Stop Date, Schedule Start
2025-12-03 12:15:40,667 - ERROR - Processing failed: Missing required columns: Start Date, Stop Date, Schedule Start
2025-12-03 12:21:14,107 - INFO - Processing schedule file: .\Agent Schedules (Dec 1st - 21st).xlsx
2025-12-03 12:21:14,405 - INFO - Processed 2394 schedule records
2025-12-03 12:21:14,405 - INFO - Processing roster file: .\Agent_affiliations.xlsx
2025-12-03 12:21:14,426 - INFO - Processed 134 roster records
2025-12-03 12:21:14,426 - INFO - Processing code file: .\Exceptions.xlsx
2025-12-03 12:21:14,428 - ERROR - Error processing files: [Errno 13] Permission denied: '.\\Exceptions.xlsx'
2025-12-03 12:21:14,428 - ERROR - Processing failed: [Errno 13] Permission denied: '.\\Exceptions.xlsx'
2025-12-03 12:21:27,089 - INFO - Processing schedule file: .\Agent Schedules (Dec 1st - 21st).xlsx
2025-12-03 12:21:27,375 - INFO - Processed 2394 schedule records
2025-12-03 12:21:27,376 - INFO - Processing roster file: .\Agent_affiliations.xlsx
2025-12-03 12:21:27,396 - INFO - Processed 134 roster records
2025-12-03 12:21:27,396 - INFO - Processing code file: .\Exceptions.xlsx
2025-12-03 12:21:27,413 - ERROR - Error processing files: Missing required columns in code file: Start Date, Stop Date. Found columns: ['ID', 'Name', 'Code', 'Nominal Date', 'Nominal Date', 'Start']
2025-12-03 12:21:27,413 - ERROR - Processing failed: Missing required columns in code file: Start Date, Stop Date. Found columns: ['ID', 'Name', 'Code', 'Nominal Date', 'Nominal Date', 'Start']
2025-12-03 13:51:48,857 - INFO - Processing schedule file: .\Agent Schedules (Dec 1st - 21st).xlsx
2025-12-03 13:51:49,090 - INFO - Processed 2394 schedule records
2025-12-03 13:51:49,091 - INFO - Processing roster file: .\Agent_affiliations.xlsx
2025-12-03 13:51:49,107 - INFO - Processed 134 roster records
2025-12-03 13:51:49,108 - INFO - Processing code file: .\Exceptions.xlsx
2025-12-03 13:51:49,109 - ERROR - Error processing files: [Errno 13] Permission denied: '.\\Exceptions.xlsx'
2025-12-03 13:51:49,109 - ERROR - Processing failed: [Errno 13] Permission denied: '.\\Exceptions.xlsx'
2025-12-03 13:52:01,585 - INFO - Processing schedule file: .\Agent Schedules (Dec 1st - 21st).xlsx
2025-12-03 13:52:01,838 - INFO - Processed 2394 schedule records
2025-12-03 13:52:01,839 - INFO - Processing roster file: .\Agent_affiliations.xlsx
2025-12-03 13:52:01,860 - INFO - Processed 134 roster records
2025-12-03 13:52:01,860 - INFO - Processing code file: .\Exceptions.xlsx
2025-12-03 13:52:01,882 - ERROR - Error processing files: name 'id_col' is not defined
2025-12-03 13:52:01,883 - ERROR - Processing failed: name 'id_col' is not defined
2025-12-03 13:53:40,025 - INFO - Processing schedule file: .\Agent Schedules (Dec 1st - 21st).xlsx
2025-12-03 13:53:40,402 - INFO - Processed 2394 schedule records
2025-12-03 13:53:40,404 - INFO - Processing roster file: .\Agent_affiliations.xlsx
2025-12-03 13:53:40,449 - INFO - Processed 134 roster records
2025-12-03 13:53:40,456 - INFO - Processing code file: .\Exceptions.xlsx
2025-12-03 13:53:40,504 - ERROR - Error processing files: Missing required columns in code file: Start Date, Stop Date. Found columns: ['ID', 'Name', 'Code', 'Nominal Date', 'Nominal Date', 'Start']
2025-12-03 13:53:40,505 - ERROR - Processing failed: Missing required columns in code file: Start Date, Stop Date. Found columns: ['ID', 'Name', 'Code', 'Nominal Date', 'Nominal Date', 'Start']
2025-12-03 15:08:27,908 - INFO - Processing schedule file: .\Agent Schedules (Dec 1st - 21st).xlsx
2025-12-03 15:08:28,416 - INFO - Processed 2394 schedule records
2025-12-03 15:08:28,417 - INFO - Processing roster file: .\Agent_affiliations.xlsx
2025-12-03 15:08:28,454 - INFO - Processed 134 roster records
2025-12-03 15:08:28,455 - INFO - Processing code file: .\Exceptions.xlsx
2025-12-03 15:08:28,479 - ERROR - Error processing files: Missing required columns in code file: Start Date, Stop Date. Found columns: ['ID', 'Name', 'Code', 'Nominal Date', 'Nominal Date', 'Start']
2025-12-03 15:08:28,480 - ERROR - Processing failed: Missing required columns in code file: Start Date, Stop Date. Found columns: ['ID', 'Name', 'Code', 'Nominal Date', 'Nominal Date', 'Start']
2025-12-03 15:09:10,135 - INFO - Processing schedule file: .\Agent Schedules (Dec 1st - 21st).xlsx
2025-12-03 15:09:10,375 - INFO - Processed 2394 schedule records
2025-12-03 15:09:10,375 - INFO - Processing roster file: .\Agent_affiliations.xlsx
2025-12-03 15:09:10,401 - INFO - Processed 134 roster records
2025-12-03 15:09:10,403 - INFO - Processing code file: .\Exceptions.xlsx
2025-12-03 15:09:10,424 - ERROR - Error processing files: Missing required columns in code file: Start Date, Stop Date. Found columns: ['ID', 'Name', 'Code', 'Nominal Date', 'Nominal Date', 'Start']
2025-12-03 15:09:10,425 - ERROR - Processing failed: Missing required columns in code file: Start Date, Stop Date. Found columns: ['ID', 'Name', 'Code', 'Nominal Date', 'Nominal Date', 'Start']
2025-12-03 15:09:57,554 - INFO - Processing schedule file: .\Agent Schedules (Dec 1st - 21st).xlsx
2025-12-03 15:09:57,778 - INFO - Processed 2394 schedule records
2025-12-03 15:09:57,780 - INFO - Processing roster file: .\Agent_affiliations.xlsx
2025-12-03 15:09:57,799 - INFO - Processed 134 roster records
2025-12-03 15:09:57,800 - INFO - Processing code file: .\Exceptions.xlsx
2025-12-03 15:09:57,820 - ERROR - Error processing files: Missing required columns in code file: Start Date, Stop Date. Found columns: ['ID', 'Name', 'Code', 'Nominal Date', 'Nominal Date', 'Start']
2025-12-03 15:09:57,821 - ERROR - Processing failed: Missing required columns in code file: Start Date, Stop Date. Found columns: ['ID', 'Name', 'Code', 'Nominal Date', 'Nominal Date', 'Start']
2025-12-03 15:10:24,656 - INFO - Processing schedule file: .\Agent Schedules (Dec 1st - 21st).xlsx
2025-12-03 15:10:25,024 - INFO - Processed 2394 schedule records
2025-12-03 15:10:25,030 - INFO - Processing roster file: .\Agent_affiliations.xlsx
2025-12-03 15:10:25,067 - INFO - Processed 134 roster records
2025-12-03 15:10:25,073 - INFO - Processing code file: .\Exceptions.xlsx
2025-12-03 15:10:25,199 - INFO - Processed 425 code records
2025-12-03 15:10:25,201 - INFO - Merging data from all sources
2025-12-03 15:10:25,367 - INFO - Merged data contains 2394 records
2025-12-03 15:10:26,167 - INFO - Formatting Excel output: .\Agent Schedules (Dec 1st - 21st)_20251203_151025_clean.xlsx
2025-12-03 15:10:27,861 - INFO - Excel formatting completed
2025-12-03 15:10:27,868 - INFO - 
Processing Statistics:
2025-12-03 15:10:27,868 - INFO - Total records: 2394
2025-12-03 15:10:27,869 - INFO - Records with shift errors: 81
2025-12-03 15:10:27,869 - INFO - Records marked as Vacation: 0
2025-12-03 15:10:27,870 - INFO - Records with special codes: 220
2025-12-03 15:10:27,870 - INFO - 
Sample of schedules with shift errors:
2025-12-03 15:10:27,873 - INFO -   Rodrigo Avila - 2025-12-01: 16:00-01:00 (Error)
2025-12-03 15:10:27,873 - INFO -   Ricardo Guevara - 2025-12-01: 16:00-01:00 (Error)
2025-12-03 15:10:27,874 - INFO -   Andrea Jimenez - 2025-12-01: 16:00-01:00 (Error)
2025-12-03 15:10:27,874 - INFO -   Jenny Jordan - 2025-12-01: 00:00-08:00 (Error)
2025-12-03 15:10:27,875 - INFO -   Rodrigo Avila - 2025-12-02: 16:00-01:00 (Error)
2025-12-03 15:10:27,875 - INFO -   ... and 76 more
2025-12-03 15:10:27,877 - INFO - Processing completed successfully! Output: .\Agent Schedules (Dec 1st - 21st)_20251203_151025_clean.xlsx
2025-12-03 15:11:25,794 - INFO - Processing schedule file: .\Agent Schedules (Dec 1st - 21st).xlsx
2025-12-03 15:11:26,165 - INFO - Processed 2394 schedule records
2025-12-03 15:11:26,167 - INFO - Processing roster file: .\Agent_affiliations.xlsx
2025-12-03 15:11:26,197 - INFO - Processed 134 roster records
2025-12-03 15:11:26,199 - INFO - Processing code file: .\Exceptions.xlsx
2025-12-03 15:11:26,272 - INFO - Processed 425 code records
2025-12-03 15:11:26,274 - INFO - Merging data from all sources
2025-12-03 15:11:26,413 - INFO - Merged data contains 2394 records
2025-12-03 15:11:27,007 - INFO - Formatting Excel output: .\Agent Schedules (Dec 1st - 21st)_20251203_151126_clean.xlsx
2025-12-03 15:11:28,600 - INFO - Excel formatting completed
2025-12-03 15:11:28,608 - INFO - 
Processing Statistics:
2025-12-03 15:11:28,609 - INFO - Total records: 2394
2025-12-03 15:11:28,610 - INFO - Records with shift errors: 0
2025-12-03 15:11:28,612 - INFO - Records marked as Vacation: 21
2025-12-03 15:11:28,613 - INFO - Records with special codes: 220
2025-12-03 15:11:28,615 - INFO - Processing completed successfully! Output: .\Agent Schedules (Dec 1st - 21st)_20251203_151126_clean.xlsx
2025-12-03 15:13:01,582 - INFO - Processing schedule file: .\Agent Schedules (Dec 1st - 21st).xlsx
2025-12-03 15:13:01,865 - INFO - Processed 2394 schedule records
2025-12-03 15:13:01,867 - INFO - Processing roster file: .\Agent_affiliations.xlsx
2025-12-03 15:13:01,901 - INFO - Processed 134 roster records
2025-12-03 15:13:01,902 - INFO - Processing code file: .\Exceptions.xlsx
2025-12-03 15:13:01,964 - INFO - Processed 425 code records
2025-12-03 15:13:01,967 - INFO - Merging data from all sources
2025-12-03 15:13:02,100 - INFO - Merged data contains 2394 records
2025-12-03 15:13:02,943 - INFO - Formatting Excel output: .\Agent Schedules (Dec 1st - 21st)_20251203_151302_clean.xlsx
2025-12-03 15:13:04,107 - INFO - Excel formatting completed
2025-12-03 15:13:04,111 - INFO - 
Processing Statistics:
2025-12-03 15:13:04,112 - INFO - Total records: 2394
2025-12-03 15:13:04,113 - INFO - Records with shift errors: 0
2025-12-03 15:13:04,113 - INFO - Records marked as Vacation: 21
2025-12-03 15:13:04,114 - INFO - Records with special codes: 220
2025-12-03 15:13:04,115 - INFO - Processing completed successfully! Output: .\Agent Schedules (Dec 1st - 21st)_20251203_151302_clean.xlsx
2025-12-03 15:14:55,447 - INFO - Processing schedule file: .\Agent Schedules (Dec 1st - 21st).xlsx
2025-12-03 15:14:55,673 - INFO - Processed 2394 schedule records
2025-12-03 15:14:55,675 - INFO - Processing roster file: .\Agent_affiliations.xlsx
2025-12-03 15:14:55,696 - INFO - Processed 134 roster records
2025-12-03 15:14:55,697 - INFO - Processing code file: .\Exceptions.xlsx
2025-12-03 15:14:55,740 - INFO - Processed 425 code records
2025-12-03 15:14:55,741 - INFO - Merging data from all sources
2025-12-03 15:14:55,832 - INFO - Merged data contains 2394 records
2025-12-03 15:14:56,299 - INFO - Formatting Excel output: .\Agent Schedules (Dec 1st - 21st)_20251203_151455_clean.xlsx
2025-12-03 15:14:58,141 - INFO - Excel formatting completed
2025-12-03 15:14:58,220 - INFO - 
Processing Statistics:
2025-12-03 15:14:58,222 - INFO - Total records: 2394
2025-12-03 15:14:58,223 - INFO - Records with shift errors: 0
2025-12-03 15:14:58,228 - INFO - Records marked as Vacation: 21
2025-12-03 15:14:58,230 - INFO - Records with special codes: 220
2025-12-03 15:14:58,234 - INFO - Processing completed successfully! Output: .\Agent Schedules (Dec 1st - 21st)_20251203_151455_clean.xlsx
2025-12-03 15:32:25,258 - INFO - Processing schedule file: .\Agent Schedules (Dec 1st - 21st).xlsx
2025-12-03 15:32:25,530 - ERROR - Error processing files: Missing required columns in schedule file: Nominal Date
2025-12-03 15:32:25,533 - ERROR - Processing failed: Missing required columns in schedule file: Nominal Date
2025-12-03 15:33:49,258 - INFO - Processing schedule file: .\Agent Schedules (Dec 1st - 21st).xlsx
2025-12-03 15:33:49,483 - ERROR - Error processing files: Missing required columns in schedule file: Nominal Date
2025-12-03 15:33:49,484 - ERROR - Processing failed: Missing required columns in schedule file: Nominal Date
2025-12-03 15:34:40,873 - INFO - Processing schedule file: .\Agent Schedules (Dec 1st - 21st).xlsx
2025-12-03 15:34:41,064 - INFO - Processed 2394 schedule records
2025-12-03 15:34:41,065 - INFO - Processing roster file: .\Agent_affiliations.xlsx
2025-12-03 15:34:41,083 - INFO - Processed 134 roster records
2025-12-03 15:34:41,084 - INFO - Processing code file: .\Exceptions.xlsx
2025-12-03 15:34:41,118 - INFO - Processed 425 code records
2025-12-03 15:34:41,119 - INFO - Merging data from all sources
2025-12-03 15:34:41,200 - INFO - Merged data contains 2394 records
2025-12-03 15:34:41,521 - INFO - Formatting Excel output: .\Agent Schedules (Dec 1st - 21st)_20251203_153441_clean.xlsx
2025-12-03 15:34:42,566 - INFO - Excel formatting completed
2025-12-03 15:34:42,572 - INFO - 
Processing Statistics:
2025-12-03 15:34:42,573 - INFO - Total records: 2394
2025-12-03 15:34:42,575 - INFO - Records with shift errors: 0
2025-12-03 15:34:42,576 - INFO - Records marked as Vacation: 21
2025-12-03 15:34:42,577 - INFO - Records with special codes: 220
2025-12-03 15:34:42,579 - INFO - Processing completed successfully! Output: .\Agent Schedules (Dec 1st - 21st)_20251203_153441_clean.xlsx
2025-12-03 16:02:33,822 - INFO - Processing schedule file: .\Agent Schedules (Dec 1st - 21st).xlsx
2025-12-03 16:02:33,928 - INFO - Original columns: ['ID', 'Firstname', 'Lastname', 'Date', 'Day', 'Start', 'Stop']
2025-12-03 16:02:33,928 - INFO - Original shape: (2394, 7)
2025-12-03 16:02:33,929 - INFO - Standardized columns: ['ID', 'First Name', 'Last Name', 'Date', 'Day', 'Start', 'Stop']
2025-12-03 16:02:33,963 - INFO - Processed 2394 schedule records
2025-12-03 16:02:33,964 - INFO - Processing roster file: .\Agent_affiliations.xlsx
2025-12-03 16:02:33,978 - INFO - Processed 134 roster records
2025-12-03 16:02:33,979 - INFO - Processing code file: .\Exceptions.xlsx
2025-12-03 16:02:34,006 - INFO - Processed 425 code records
2025-12-03 16:02:34,007 - INFO - Merging data from all sources
2025-12-03 16:02:34,066 - INFO - Merged data contains 2394 records
2025-12-03 16:02:34,347 - INFO - Formatting Excel output: .\Agent Schedules (Dec 1st - 21st)_20251203_160234_clean.xlsx
2025-12-03 16:02:35,212 - INFO - Excel formatting completed
2025-12-03 16:02:35,217 - INFO - 
Processing Statistics:
2025-12-03 16:02:35,218 - INFO - Total records: 2394
2025-12-03 16:02:35,219 - INFO - Records with shift errors: 0
2025-12-03 16:02:35,220 - INFO - Records marked as Vacation: 21
2025-12-03 16:02:35,221 - INFO - Records with special codes: 220
2025-12-03 16:02:35,221 - INFO - Processing completed successfully! Output: .\Agent Schedules (Dec 1st - 21st)_20251203_160234_clean.xlsx
2025-12-03 17:05:56,403 - INFO - Processing schedule file: .\Agent Schedules (Dec 1st - 21st).xlsx
2025-12-03 17:05:56,505 - INFO - Original columns: ['ID', 'Firstname', 'Lastname', 'Date', 'Day', 'Start', 'Stop']
2025-12-03 17:05:56,506 - INFO - Original shape: (2394, 7)
2025-12-03 17:05:56,507 - INFO - Standardized columns: ['ID', 'First Name', 'Last Name', 'Date', 'Day', 'Start', 'Stop']
2025-12-03 17:05:56,542 - INFO - Processed 2394 schedule records
2025-12-03 17:05:56,542 - INFO - Processing roster file: .\Agent_affiliations.xlsx
2025-12-03 17:05:56,542 - ERROR - Error processing files: [Errno 13] Permission denied: '.\\Agent_affiliations.xlsx'
2025-12-03 17:05:56,543 - ERROR - Processing failed: [Errno 13] Permission denied: '.\\Agent_affiliations.xlsx'
2025-12-03 17:06:12,637 - INFO - Processing schedule file: .\Agent Schedules (Dec 1st - 21st).xlsx
2025-12-03 17:06:12,867 - INFO - Original columns: ['ID', 'Firstname', 'Lastname', 'Date', 'Day', 'Start', 'Stop']
2025-12-03 17:06:12,867 - INFO - Original shape: (2394, 7)
2025-12-03 17:06:12,868 - INFO - Standardized columns: ['ID', 'First Name', 'Last Name', 'Date', 'Day', 'Start', 'Stop']
2025-12-03 17:06:12,933 - INFO - Processed 2394 schedule records
2025-12-03 17:06:12,934 - INFO - Processing roster file: .\Agent_affiliations.xlsx
2025-12-03 17:06:12,957 - INFO - Processed 134 roster records
2025-12-03 17:06:12,958 - INFO - Processing code file: .\Exceptions.xlsx
2025-12-03 17:06:13,015 - INFO - Processed 425 code records
2025-12-03 17:06:13,019 - INFO - Merging data from all sources
2025-12-03 17:06:13,167 - INFO - Merged data contains 2394 records
2025-12-03 17:06:14,095 - INFO - Formatting Excel output: .\Agent Schedules (Dec 1st - 21st)_20251203_170613_clean.xlsx
2025-12-03 17:06:15,229 - INFO - Excel formatting completed
2025-12-03 17:06:15,237 - INFO - 
Processing Statistics:
2025-12-03 17:06:15,239 - INFO - Total records: 2394
2025-12-03 17:06:15,241 - INFO - Records with shift errors: 0
2025-12-03 17:06:15,242 - INFO - Records marked as Vacation: 21
2025-12-03 17:06:15,243 - INFO - Records with special codes: 220
2025-12-03 17:06:15,245 - INFO - Processing completed successfully! Output: .\Agent Schedules (Dec 1st - 21st)_20251203_170613_clean.xlsx
2025-12-03 17:18:43,062 - INFO - Processing schedule file: .\Agent Schedules (Dec 1st - 21st).xlsx
2025-12-03 17:18:43,220 - INFO - Original columns: ['ID', 'Firstname', 'Lastname', 'Date', 'Day', 'Start', 'Stop']
2025-12-03 17:18:43,221 - INFO - Original shape: (2394, 7)
2025-12-03 17:18:43,222 - INFO - Standardized columns: ['ID', 'First Name', 'Last Name', 'Date', 'Day', 'Start', 'Stop']
2025-12-03 17:18:43,274 - INFO - Processed 2394 schedule records
2025-12-03 17:18:43,275 - INFO - Processing roster file: .\Agent_affiliations.xlsx
2025-12-03 17:18:43,276 - ERROR - Error processing files: [Errno 13] Permission denied: '.\\Agent_affiliations.xlsx'
2025-12-03 17:18:43,277 - ERROR - Processing failed: [Errno 13] Permission denied: '.\\Agent_affiliations.xlsx'
2025-12-03 17:18:57,887 - INFO - Processing schedule file: .\Agent Schedules (Dec 1st - 21st).xlsx
2025-12-03 17:18:58,068 - INFO - Original columns: ['ID', 'Firstname', 'Lastname', 'Date', 'Day', 'Start', 'Stop']
2025-12-03 17:18:58,069 - INFO - Original shape: (2394, 7)
2025-12-03 17:18:58,070 - INFO - Standardized columns: ['ID', 'First Name', 'Last Name', 'Date', 'Day', 'Start', 'Stop']
2025-12-03 17:18:58,128 - INFO - Processed 2394 schedule records
2025-12-03 17:18:58,129 - INFO - Processing roster file: .\Agent_affiliations.xlsx
2025-12-03 17:18:58,148 - INFO - Processed 134 roster records
2025-12-03 17:18:58,150 - INFO - Processing code file: .\Exceptions.xlsx
2025-12-03 17:18:58,194 - INFO - Processed 425 code records
2025-12-03 17:18:58,197 - INFO - Merging data from all sources
2025-12-03 17:18:58,219 - WARNING - Using fuzzy match for ID ggomez -> ggoamez
2025-12-03 17:18:58,258 - WARNING - Using fuzzy match for ID ggomez -> ggoamez
2025-12-03 17:18:58,290 - WARNING - Using fuzzy match for ID ggomez -> ggoamez
2025-12-03 17:18:58,320 - WARNING - Using fuzzy match for ID ggomez -> ggoamez
2025-12-03 17:18:58,348 - WARNING - Using fuzzy match for ID ggomez -> ggoamez
2025-12-03 17:18:58,370 - WARNING - Using fuzzy match for ID ggomez -> ggoamez
2025-12-03 17:18:58,384 - WARNING - Using fuzzy match for ID ggomez -> ggoamez
2025-12-03 17:18:58,399 - WARNING - Using fuzzy match for ID ggomez -> ggoamez
2025-12-03 17:18:58,423 - WARNING - Using fuzzy match for ID ggomez -> ggoamez
2025-12-03 17:18:58,453 - WARNING - Using fuzzy match for ID ggomez -> ggoamez
2025-12-03 17:18:58,484 - WARNING - Using fuzzy match for ID ggomez -> ggoamez
2025-12-03 17:18:58,510 - WARNING - Using fuzzy match for ID ggomez -> ggoamez
2025-12-03 17:18:58,538 - WARNING - Using fuzzy match for ID ggomez -> ggoamez
2025-12-03 17:18:58,555 - WARNING - Using fuzzy match for ID ggomez -> ggoamez
2025-12-03 17:18:58,570 - WARNING - Using fuzzy match for ID ggomez -> ggoamez
2025-12-03 17:18:58,599 - WARNING - Using fuzzy match for ID ggomez -> ggoamez
2025-12-03 17:18:58,623 - WARNING - Using fuzzy match for ID ggomez -> ggoamez
2025-12-03 17:18:58,651 - WARNING - Using fuzzy match for ID ggomez -> ggoamez
2025-12-03 17:18:58,681 - WARNING - Using fuzzy match for ID ggomez -> ggoamez
2025-12-03 17:18:58,704 - WARNING - Using fuzzy match for ID ggomez -> ggoamez
2025-12-03 17:18:58,716 - WARNING - Using fuzzy match for ID ggomez -> ggoamez
2025-12-03 17:18:58,728 - INFO - Merged data contains 2394 records
2025-12-03 17:18:59,175 - INFO - Formatting Excel output: .\Agent Schedules (Dec 1st - 21st)_20251203_171858_clean.xlsx
2025-12-03 17:19:01,042 - INFO - Excel formatting completed
2025-12-03 17:19:01,049 - INFO - 
Processing Statistics:
2025-12-03 17:19:01,050 - INFO - Total records: 2394
2025-12-03 17:19:01,051 - INFO - Records with shift errors: 0
2025-12-03 17:19:01,051 - INFO - Records marked as Vacation: 21
2025-12-03 17:19:01,052 - INFO - Records with special codes: 220
2025-12-03 17:19:01,053 - INFO - Processing completed successfully! Output: .\Agent Schedules (Dec 1st - 21st)_20251203_171858_clean.xlsx
2025-12-03 17:23:21,162 - INFO - Processing schedule file: .\Agent Schedules (Dec 1st - 21st).xlsx
2025-12-03 17:23:21,168 - ERROR - Error processing files: [Errno 13] Permission denied: '.\\Agent Schedules (Dec 1st - 21st).xlsx'
2025-12-03 17:23:21,169 - ERROR - Processing failed: [Errno 13] Permission denied: '.\\Agent Schedules (Dec 1st - 21st).xlsx'
2025-12-03 17:23:33,349 - INFO - Processing schedule file: .\Agent Schedules (Dec 1st - 21st).xlsx
2025-12-03 17:23:33,506 - INFO - Original columns: ['ID', 'Firstname', 'Lastname', 'Date', 'Day', 'Start', 'Stop']
2025-12-03 17:23:33,507 - INFO - Original shape: (2394, 7)
2025-12-03 17:23:33,508 - INFO - Standardized columns: ['ID', 'First Name', 'Last Name', 'Date', 'Day', 'Start', 'Stop']
2025-12-03 17:23:33,566 - INFO - Processed 2394 schedule records
2025-12-03 17:23:33,567 - INFO - Processing roster file: .\Agent_affiliations.xlsx
2025-12-03 17:23:33,586 - INFO - Processed 134 roster records
2025-12-03 17:23:33,587 - INFO - Processing code file: .\Exceptions.xlsx
2025-12-03 17:23:33,632 - INFO - Processed 425 code records
2025-12-03 17:23:33,634 - INFO - Merging data from all sources
2025-12-03 17:23:33,651 - WARNING - Using fuzzy match for ID ggomez -> ggoamez
2025-12-03 17:23:33,677 - WARNING - Using fuzzy match for ID ggomez -> ggoamez
2025-12-03 17:23:33,706 - WARNING - Using fuzzy match for ID ggomez -> ggoamez
2025-12-03 17:23:33,734 - WARNING - Using fuzzy match for ID ggomez -> ggoamez
2025-12-03 17:23:33,764 - WARNING - Using fuzzy match for ID ggomez -> ggoamez
2025-12-03 17:23:33,786 - WARNING - Using fuzzy match for ID ggomez -> ggoamez
2025-12-03 17:23:33,798 - WARNING - Using fuzzy match for ID ggomez -> ggoamez
2025-12-03 17:23:33,810 - WARNING - Using fuzzy match for ID ggomez -> ggoamez
2025-12-03 17:23:33,835 - WARNING - Using fuzzy match for ID ggomez -> ggoamez
2025-12-03 17:23:33,864 - WARNING - Using fuzzy match for ID ggomez -> ggoamez
2025-12-03 17:23:33,892 - WARNING - Using fuzzy match for ID ggomez -> ggoamez
2025-12-03 17:23:33,924 - WARNING - Using fuzzy match for ID ggomez -> ggoamez
2025-12-03 17:23:33,948 - WARNING - Using fuzzy match for ID ggomez -> ggoamez
2025-12-03 17:23:33,968 - WARNING - Using fuzzy match for ID ggomez -> ggoamez
2025-12-03 17:23:33,985 - WARNING - Using fuzzy match for ID ggomez -> ggoamez
2025-12-03 17:23:34,011 - WARNING - Using fuzzy match for ID ggomez -> ggoamez
2025-12-03 17:23:34,040 - WARNING - Using fuzzy match for ID ggomez -> ggoamez
2025-12-03 17:23:34,066 - WARNING - Using fuzzy match for ID ggomez -> ggoamez
2025-12-03 17:23:34,096 - WARNING - Using fuzzy match for ID ggomez -> ggoamez
2025-12-03 17:23:34,116 - WARNING - Using fuzzy match for ID ggomez -> ggoamez
2025-12-03 17:23:34,125 - WARNING - Using fuzzy match for ID ggomez -> ggoamez
2025-12-03 17:23:34,143 - INFO - Merged data contains 2394 records
2025-12-03 17:23:34,602 - INFO - Formatting Excel output: .\Agent Schedules (Dec 1st - 21st)_20251203_172334_clean.xlsx
2025-12-03 17:23:35,611 - INFO - Excel formatting completed
2025-12-03 17:23:35,616 - INFO - 
Processing Statistics:
2025-12-03 17:23:35,616 - INFO - Total records: 2394
2025-12-03 17:23:35,617 - INFO - Records with shift errors: 0
2025-12-03 17:23:35,617 - INFO - Records marked as Vacation: 21
2025-12-03 17:23:35,617 - INFO - Records with special codes: 220
2025-12-03 17:23:35,618 - INFO - Processing completed successfully! Output: .\Agent Schedules (Dec 1st - 21st)_20251203_172334_clean.xlsx
2025-12-04 07:15:02,292 - INFO - Processing schedule file: .\Agent Schedules (Dec 1st - 21st).xlsx
2025-12-04 07:15:02,371 - INFO - Original columns: ['ID', 'Firstname', 'Lastname', 'Date', 'Day', 'Start', 'Stop']
2025-12-04 07:15:02,372 - INFO - Original shape: (2394, 7)
2025-12-04 07:15:02,373 - INFO - Standardized columns: ['ID', 'First Name', 'Last Name', 'Date', 'Day', 'Start', 'Stop']
2025-12-04 07:15:02,398 - INFO - Processed 2394 schedule records
2025-12-04 07:15:02,399 - INFO - Processing roster file: .\Agent_affiliations.xlsx
2025-12-04 07:15:02,411 - INFO - Processed 134 roster records
2025-12-04 07:15:02,412 - INFO - Processing code file: .\Exceptions.xlsx
2025-12-04 07:15:02,432 - INFO - Processed 425 code records
2025-12-04 07:15:02,434 - INFO - Merging data from all sources
2025-12-04 07:15:02,444 - WARNING - Using fuzzy match for ID ggomez -> ggoamez
2025-12-04 07:15:02,459 - WARNING - Using fuzzy match for ID ggomez -> ggoamez
2025-12-04 07:15:02,473 - WARNING - Using fuzzy match for ID ggomez -> ggoamez
2025-12-04 07:15:02,486 - WARNING - Using fuzzy match for ID ggomez -> ggoamez
2025-12-04 07:15:02,499 - WARNING - Using fuzzy match for ID ggomez -> ggoamez
2025-12-04 07:15:02,509 - WARNING - Using fuzzy match for ID ggomez -> ggoamez
2025-12-04 07:15:02,513 - WARNING - Using fuzzy match for ID ggomez -> ggoamez
2025-12-04 07:15:02,521 - WARNING - Using fuzzy match for ID ggomez -> ggoamez
2025-12-04 07:15:02,532 - WARNING - Using fuzzy match for ID ggomez -> ggoamez
2025-12-04 07:15:02,545 - WARNING - Using fuzzy match for ID ggomez -> ggoamez
2025-12-04 07:15:02,560 - WARNING - Using fuzzy match for ID ggomez -> ggoamez
2025-12-04 07:15:02,574 - WARNING - Using fuzzy match for ID ggomez -> ggoamez
2025-12-04 07:15:02,586 - WARNING - Using fuzzy match for ID ggomez -> ggoamez
2025-12-04 07:15:02,594 - WARNING - Using fuzzy match for ID ggomez -> ggoamez
2025-12-04 07:15:02,604 - WARNING - Using fuzzy match for ID ggomez -> ggoamez
2025-12-04 07:15:02,614 - WARNING - Using fuzzy match for ID ggomez -> ggoamez
2025-12-04 07:15:02,632 - WARNING - Using fuzzy match for ID ggomez -> ggoamez
2025-12-04 07:15:02,645 - WARNING - Using fuzzy match for ID ggomez -> ggoamez
2025-12-04 07:15:02,661 - WARNING - Using fuzzy match for ID ggomez -> ggoamez
2025-12-04 07:15:02,675 - WARNING - Using fuzzy match for ID ggomez -> ggoamez
2025-12-04 07:15:02,680 - WARNING - Using fuzzy match for ID ggomez -> ggoamez
2025-12-04 07:15:02,686 - INFO - Merged data contains 2394 records
2025-12-04 07:15:02,896 - INFO - Formatting Excel output: .\Agent Schedules (Dec 1st - 21st)_20251204_071502_clean.xlsx
2025-12-04 07:15:03,419 - INFO - Excel formatting completed
2025-12-04 07:15:03,422 - INFO - 
Processing Statistics:
2025-12-04 07:15:03,422 - INFO - Total records: 2394
2025-12-04 07:15:03,422 - INFO - Records with shift errors: 0
2025-12-04 07:15:03,423 - INFO - Records marked as Vacation: 21
2025-12-04 07:15:03,423 - INFO - Records with special codes: 220
2025-12-04 07:15:03,424 - INFO - Processing completed successfully! Output: .\Agent Schedules (Dec 1st - 21st)_20251204_071502_clean.xlsx
2025-12-04 07:16:21,614 - INFO - Processing schedule file: .\Agent Schedules (Dec 1st - 21st).xlsx
2025-12-04 07:16:21,696 - INFO - Original columns: ['ID', 'Firstname', 'Lastname', 'Date', 'Day', 'Start', 'Stop']
2025-12-04 07:16:21,696 - INFO - Original shape: (2394, 7)
2025-12-04 07:16:21,697 - INFO - Standardized columns: ['ID', 'First Name', 'Last Name', 'Date', 'Day', 'Start', 'Stop']
2025-12-04 07:16:21,722 - INFO - Processed 2394 schedule records
2025-12-04 07:16:21,724 - INFO - Processing roster file: .\Agent_affiliations.xlsx
2025-12-04 07:16:21,734 - INFO - Processed 134 roster records
2025-12-04 07:16:21,734 - INFO - Processing code file: .\Exceptions.xlsx
2025-12-04 07:16:21,755 - INFO - Processed 425 code records
2025-12-04 07:16:21,757 - INFO - Merging data from all sources
2025-12-04 07:16:21,766 - WARNING - Using fuzzy match for ID ggomez -> ggoamez
2025-12-04 07:16:21,781 - WARNING - Using fuzzy match for ID ggomez -> ggoamez
2025-12-04 07:16:21,796 - WARNING - Using fuzzy match for ID ggomez -> ggoamez
2025-12-04 07:16:21,811 - WARNING - Using fuzzy match for ID ggomez -> ggoamez
2025-12-04 07:16:21,825 - WARNING - Using fuzzy match for ID ggomez -> ggoamez
2025-12-04 07:16:21,836 - WARNING - Using fuzzy match for ID ggomez -> ggoamez
2025-12-04 07:16:21,846 - WARNING - Using fuzzy match for ID ggomez -> ggoamez
2025-12-04 07:16:21,856 - WARNING - Using fuzzy match for ID ggomez -> ggoamez
2025-12-04 07:16:21,866 - WARNING - Using fuzzy match for ID ggomez -> ggoamez
2025-12-04 07:16:21,878 - WARNING - Using fuzzy match for ID ggomez -> ggoamez
2025-12-04 07:16:21,894 - WARNING - Using fuzzy match for ID ggomez -> ggoamez
2025-12-04 07:16:21,911 - WARNING - Using fuzzy match for ID ggomez -> ggoamez
2025-12-04 07:16:21,927 - WARNING - Using fuzzy match for ID ggomez -> ggoamez
2025-12-04 07:16:21,934 - WARNING - Using fuzzy match for ID ggomez -> ggoamez
2025-12-04 07:16:21,941 - WARNING - Using fuzzy match for ID ggomez -> ggoamez
2025-12-04 07:16:21,952 - WARNING - Using fuzzy match for ID ggomez -> ggoamez
2025-12-04 07:16:21,962 - WARNING - Using fuzzy match for ID ggomez -> ggoamez
2025-12-04 07:16:21,975 - WARNING - Using fuzzy match for ID ggomez -> ggoamez
2025-12-04 07:16:21,986 - WARNING - Using fuzzy match for ID ggomez -> ggoamez
2025-12-04 07:16:21,996 - WARNING - Using fuzzy match for ID ggomez -> ggoamez
2025-12-04 07:16:22,000 - WARNING - Using fuzzy match for ID ggomez -> ggoamez
2025-12-04 07:16:22,005 - INFO - Merged data contains 2394 records
2025-12-04 07:16:22,209 - INFO - Formatting Excel output: .\Agent Schedules (Dec 1st - 21st)_20251204_071622_clean.xlsx
2025-12-04 07:16:22,697 - INFO - Excel formatting completed
2025-12-04 07:16:22,699 - INFO - 
Processing Statistics:
2025-12-04 07:16:22,700 - INFO - Total records: 2394
2025-12-04 07:16:22,700 - INFO - Records with shift errors: 0
2025-12-04 07:16:22,701 - INFO - Records marked as Vacation: 21
2025-12-04 07:16:22,701 - INFO - Records with special codes: 220
2025-12-04 07:16:22,702 - INFO - Processing completed successfully! Output: .\Agent Schedules (Dec 1st - 21st)_20251204_071622_clean.xlsx
2025-12-15 09:40:25,526 - INFO - Processing schedule file: .\Agent Schedules (Dec 1st - 21st).xlsx
2025-12-15 09:40:25,732 - INFO - Original columns: ['ID', 'Firstname', 'Lastname', 'Date', 'Day', 'Start', 'Stop']
2025-12-15 09:40:25,733 - INFO - Original shape: (2394, 7)
2025-12-15 09:40:25,735 - INFO - Standardized columns: ['ID', 'First Name', 'Last Name', 'Date', 'Day', 'Start', 'Stop']
2025-12-15 09:40:25,788 - INFO - Processed 2394 schedule records
2025-12-15 09:40:25,790 - INFO - Processing roster file: .\Agent_affiliations.xlsx
2025-12-15 09:40:25,810 - INFO - Processed 123 roster records
2025-12-15 09:40:25,810 - INFO - Processing code file: .\Exceptions (Dec 22nd - Jan 11th).xlsx
2025-12-15 09:40:25,833 - INFO - Processed 228 code records
2025-12-15 09:40:25,835 - INFO - Merging data from all sources
2025-12-15 09:40:25,848 - WARNING - Using fuzzy match for ID ggomez -> ggoamez
2025-12-15 09:40:25,857 - WARNING - Using fuzzy match for ID ggomez -> ggoamez
2025-12-15 09:40:25,866 - WARNING - Using fuzzy match for ID ggomez -> ggoamez
2025-12-15 09:40:25,875 - WARNING - Using fuzzy match for ID ggomez -> ggoamez
2025-12-15 09:40:25,885 - WARNING - Using fuzzy match for ID ggomez -> ggoamez
2025-12-15 09:40:25,893 - WARNING - Using fuzzy match for ID ggomez -> ggoamez
2025-12-15 09:40:25,901 - WARNING - Using fuzzy match for ID ggomez -> ggoamez
2025-12-15 09:40:25,910 - WARNING - Using fuzzy match for ID ggomez -> ggoamez
2025-12-15 09:40:25,919 - WARNING - Using fuzzy match for ID ggomez -> ggoamez
2025-12-15 09:40:25,926 - WARNING - Using fuzzy match for ID ggomez -> ggoamez
2025-12-15 09:40:25,935 - WARNING - Using fuzzy match for ID ggomez -> ggoamez
2025-12-15 09:40:25,943 - WARNING - Using fuzzy match for ID ggomez -> ggoamez
2025-12-15 09:40:25,952 - WARNING - Using fuzzy match for ID ggomez -> ggoamez
2025-12-15 09:40:25,961 - WARNING - Using fuzzy match for ID ggomez -> ggoamez
2025-12-15 09:40:25,970 - WARNING - Using fuzzy match for ID ggomez -> ggoamez
2025-12-15 09:40:25,979 - WARNING - Using fuzzy match for ID ggomez -> ggoamez
2025-12-15 09:40:25,990 - WARNING - Using fuzzy match for ID ggomez -> ggoamez
2025-12-15 09:40:25,998 - WARNING - Using fuzzy match for ID ggomez -> ggoamez
2025-12-15 09:40:26,007 - WARNING - Using fuzzy match for ID ggomez -> ggoamez
2025-12-15 09:40:26,019 - WARNING - Using fuzzy match for ID ggomez -> ggoamez
2025-12-15 09:40:26,028 - WARNING - Using fuzzy match for ID ggomez -> ggoamez
2025-12-15 09:40:26,040 - INFO - Merged data contains 2394 records
2025-12-15 09:40:26,598 - INFO - Formatting Excel output: .\Agent Schedules (Dec 1st - 21st)_20251215_094026_clean.xlsx
2025-12-15 09:40:27,724 - INFO - Excel formatting completed
2025-12-15 09:40:27,728 - INFO - 
Processing Statistics:
2025-12-15 09:40:27,729 - INFO - Total records: 2394
2025-12-15 09:40:27,729 - INFO - Records with shift errors: 0
2025-12-15 09:40:27,729 - INFO - Records marked as Vacation: 21
2025-12-15 09:40:27,730 - INFO - Records with special codes: 0
2025-12-15 09:40:27,730 - INFO - Processing completed successfully! Output: .\Agent Schedules (Dec 1st - 21st)_20251215_094026_clean.xlsx
2025-12-15 09:42:02,372 - INFO - Processing schedule file: .\Schedules Dec 22nd - Jan 11th.xlsx
2025-12-15 09:42:02,465 - INFO - Original columns: ['ID', 'Firstname', 'Lastname', 'Date', 'Day', 'Start', 'Stop']
2025-12-15 09:42:02,466 - INFO - Original shape: (2583, 7)
2025-12-15 09:42:02,467 - INFO - Standardized columns: ['ID', 'First Name', 'Last Name', 'Date', 'Day', 'Start', 'Stop']
2025-12-15 09:42:02,496 - INFO - Processed 2583 schedule records
2025-12-15 09:42:02,496 - INFO - Processing roster file: .\Agent_affiliations.xlsx
2025-12-15 09:42:02,506 - INFO - Processed 123 roster records
2025-12-15 09:42:02,506 - INFO - Processing code file: .\Exceptions (Dec 22nd - Jan 11th).xlsx
2025-12-15 09:42:02,522 - INFO - Processed 228 code records
2025-12-15 09:42:02,523 - INFO - Merging data from all sources
2025-12-15 09:42:02,532 - WARNING - Using fuzzy match for ID ggomez -> ggoamez
2025-12-15 09:42:02,540 - WARNING - Using fuzzy match for ID matejada -> mtejada
2025-12-15 09:42:02,544 - WARNING - Using fuzzy match for ID ggomez -> ggoamez
2025-12-15 09:42:02,552 - WARNING - Using fuzzy match for ID matejada -> mtejada
2025-12-15 09:42:02,558 - WARNING - Using fuzzy match for ID ggomez -> ggoamez
2025-12-15 09:42:02,568 - WARNING - Using fuzzy match for ID matejada -> mtejada
2025-12-15 09:42:02,575 - WARNING - Using fuzzy match for ID ggomez -> ggoamez
2025-12-15 09:42:02,582 - WARNING - Using fuzzy match for ID matejada -> mtejada
2025-12-15 09:42:02,588 - WARNING - Using fuzzy match for ID ggomez -> ggoamez
2025-12-15 09:42:02,595 - WARNING - Using fuzzy match for ID matejada -> mtejada
2025-12-15 09:42:02,597 - WARNING - Using fuzzy match for ID ggomez -> ggoamez
2025-12-15 09:42:02,600 - WARNING - Using fuzzy match for ID matejada -> mtejada
2025-12-15 09:42:02,602 - WARNING - Using fuzzy match for ID ggomez -> ggoamez
2025-12-15 09:42:02,606 - WARNING - Using fuzzy match for ID matejada -> mtejada
2025-12-15 09:42:02,609 - WARNING - Using fuzzy match for ID ggomez -> ggoamez
2025-12-15 09:42:02,612 - WARNING - Using fuzzy match for ID matejada -> mtejada
2025-12-15 09:42:02,615 - WARNING - Using fuzzy match for ID ggomez -> ggoamez
2025-12-15 09:42:02,618 - WARNING - Using fuzzy match for ID matejada -> mtejada
2025-12-15 09:42:02,620 - WARNING - Using fuzzy match for ID ggomez -> ggoamez
2025-12-15 09:42:02,625 - WARNING - Using fuzzy match for ID matejada -> mtejada
2025-12-15 09:42:02,626 - WARNING - Using fuzzy match for ID ggomez -> ggoamez
2025-12-15 09:42:02,629 - WARNING - Using fuzzy match for ID matejada -> mtejada
2025-12-15 09:42:02,631 - WARNING - Using fuzzy match for ID ggomez -> ggoamez
2025-12-15 09:42:02,635 - WARNING - Using fuzzy match for ID matejada -> mtejada
2025-12-15 09:42:02,637 - WARNING - Using fuzzy match for ID ggomez -> ggoamez
2025-12-15 09:42:02,641 - WARNING - Using fuzzy match for ID matejada -> mtejada
2025-12-15 09:42:02,648 - WARNING - Using fuzzy match for ID ggomez -> ggoamez
2025-12-15 09:42:02,657 - WARNING - Using fuzzy match for ID matejada -> mtejada
2025-12-15 09:42:02,665 - WARNING - Using fuzzy match for ID ggomez -> ggoamez
2025-12-15 09:42:02,671 - WARNING - Using fuzzy match for ID matejada -> mtejada
2025-12-15 09:42:02,675 - WARNING - Using fuzzy match for ID ggomez -> ggoamez
2025-12-15 09:42:02,681 - WARNING - Using fuzzy match for ID matejada -> mtejada
2025-12-15 09:42:02,685 - WARNING - Using fuzzy match for ID ggomez -> ggoamez
2025-12-15 09:42:02,691 - WARNING - Using fuzzy match for ID matejada -> mtejada
2025-12-15 09:42:02,695 - WARNING - Using fuzzy match for ID ggomez -> ggoamez
2025-12-15 09:42:02,702 - WARNING - Using fuzzy match for ID matejada -> mtejada
2025-12-15 09:42:02,708 - WARNING - Using fuzzy match for ID ggomez -> ggoamez
2025-12-15 09:42:02,713 - WARNING - Using fuzzy match for ID matejada -> mtejada
2025-12-15 09:42:02,717 - WARNING - Using fuzzy match for ID ggomez -> ggoamez
2025-12-15 09:42:02,723 - WARNING - Using fuzzy match for ID matejada -> mtejada
2025-12-15 09:42:02,728 - WARNING - Using fuzzy match for ID ggomez -> ggoamez
2025-12-15 09:42:02,739 - WARNING - Using fuzzy match for ID matejada -> mtejada
2025-12-15 09:42:02,744 - INFO - Merged data contains 2583 records
2025-12-15 09:42:03,000 - INFO - Formatting Excel output: .\Schedules Dec 22nd - Jan 11th_20251215_094202_clean.xlsx
2025-12-15 09:42:03,917 - INFO - Excel formatting completed
2025-12-15 09:42:03,920 - INFO - 
Processing Statistics:
2025-12-15 09:42:03,921 - INFO - Total records: 2583
2025-12-15 09:42:03,921 - INFO - Records with shift errors: 0
2025-12-15 09:42:03,922 - INFO - Records marked as Vacation: 16
2025-12-15 09:42:03,922 - INFO - Records with special codes: 158
2025-12-15 09:42:03,922 - INFO - Processing completed successfully! Output: .\Schedules Dec 22nd - Jan 11th_20251215_094202_clean.xlsx
2025-12-17 08:38:11,931 - INFO - Processing schedule file: .\Schedules Dec 22nd - Jan 11th.xlsx
2025-12-17 08:38:12,118 - INFO - Original columns: ['ID', 'Firstname', 'Lastname', 'Date', 'Day', 'Start', 'Stop']
2025-12-17 08:38:12,119 - INFO - Original shape: (2583, 7)
2025-12-17 08:38:12,120 - INFO - Standardized columns: ['ID', 'First Name', 'Last Name', 'Date', 'Day', 'Start', 'Stop']
2025-12-17 08:38:12,183 - INFO - Processed 2583 schedule records
2025-12-17 08:38:12,184 - INFO - Processing roster file: .\Agent_affiliations.xlsx
2025-12-17 08:38:12,204 - INFO - Processed 123 roster records
2025-12-17 08:38:12,205 - INFO - Processing code file: .\Exceptions (Dec 22nd - Jan 11th).xlsx
2025-12-17 08:38:12,233 - INFO - Processed 228 code records
2025-12-17 08:38:12,234 - INFO - Merging data from all sources
2025-12-17 08:38:12,249 - WARNING - Using fuzzy match for ID ggomez -> ggoamez
2025-12-17 08:38:12,277 - WARNING - Using fuzzy match for ID matejada -> mtejada
2025-12-17 08:38:12,287 - WARNING - Using fuzzy match for ID ggomez -> ggoamez
2025-12-17 08:38:12,300 - WARNING - Using fuzzy match for ID matejada -> mtejada
2025-12-17 08:38:12,307 - WARNING - Using fuzzy match for ID ggomez -> ggoamez
2025-12-17 08:38:12,323 - WARNING - Using fuzzy match for ID matejada -> mtejada
2025-12-17 08:38:12,330 - WARNING - Using fuzzy match for ID ggomez -> ggoamez
2025-12-17 08:38:12,344 - WARNING - Using fuzzy match for ID matejada -> mtejada
2025-12-17 08:38:12,353 - WARNING - Using fuzzy match for ID ggomez -> ggoamez
2025-12-17 08:38:12,366 - WARNING - Using fuzzy match for ID matejada -> mtejada
2025-12-17 08:38:12,373 - WARNING - Using fuzzy match for ID ggomez -> ggoamez
2025-12-17 08:38:12,379 - WARNING - Using fuzzy match for ID matejada -> mtejada
2025-12-17 08:38:12,383 - WARNING - Using fuzzy match for ID ggomez -> ggoamez
2025-12-17 08:38:12,390 - WARNING - Using fuzzy match for ID matejada -> mtejada
2025-12-17 08:38:12,399 - WARNING - Using fuzzy match for ID ggomez -> ggoamez
2025-12-17 08:38:12,407 - WARNING - Using fuzzy match for ID matejada -> mtejada
2025-12-17 08:38:12,413 - WARNING - Using fuzzy match for ID ggomez -> ggoamez
2025-12-17 08:38:12,421 - WARNING - Using fuzzy match for ID matejada -> mtejada
2025-12-17 08:38:12,429 - WARNING - Using fuzzy match for ID ggomez -> ggoamez
2025-12-17 08:38:12,443 - WARNING - Using fuzzy match for ID matejada -> mtejada
2025-12-17 08:38:12,448 - WARNING - Using fuzzy match for ID ggomez -> ggoamez
2025-12-17 08:38:12,456 - WARNING - Using fuzzy match for ID matejada -> mtejada
2025-12-17 08:38:12,462 - WARNING - Using fuzzy match for ID ggomez -> ggoamez
2025-12-17 08:38:12,476 - WARNING - Using fuzzy match for ID matejada -> mtejada
2025-12-17 08:38:12,480 - WARNING - Using fuzzy match for ID ggomez -> ggoamez
2025-12-17 08:38:12,490 - WARNING - Using fuzzy match for ID matejada -> mtejada
2025-12-17 08:38:12,496 - WARNING - Using fuzzy match for ID ggomez -> ggoamez
2025-12-17 08:38:12,505 - WARNING - Using fuzzy match for ID matejada -> mtejada
2025-12-17 08:38:12,513 - WARNING - Using fuzzy match for ID ggomez -> ggoamez
2025-12-17 08:38:12,527 - WARNING - Using fuzzy match for ID matejada -> mtejada
2025-12-17 08:38:12,535 - WARNING - Using fuzzy match for ID ggomez -> ggoamez
2025-12-17 08:38:12,548 - WARNING - Using fuzzy match for ID matejada -> mtejada
2025-12-17 08:38:12,557 - WARNING - Using fuzzy match for ID ggomez -> ggoamez
2025-12-17 08:38:12,574 - WARNING - Using fuzzy match for ID matejada -> mtejada
2025-12-17 08:38:12,582 - WARNING - Using fuzzy match for ID ggomez -> ggoamez
2025-12-17 08:38:12,598 - WARNING - Using fuzzy match for ID matejada -> mtejada
2025-12-17 08:38:12,607 - WARNING - Using fuzzy match for ID ggomez -> ggoamez
2025-12-17 08:38:12,622 - WARNING - Using fuzzy match for ID matejada -> mtejada
2025-12-17 08:38:12,631 - WARNING - Using fuzzy match for ID ggomez -> ggoamez
2025-12-17 08:38:12,659 - WARNING - Using fuzzy match for ID matejada -> mtejada
2025-12-17 08:38:12,676 - WARNING - Using fuzzy match for ID ggomez -> ggoamez
2025-12-17 08:38:12,693 - WARNING - Using fuzzy match for ID matejada -> mtejada
2025-12-17 08:38:12,702 - INFO - Merged data contains 2583 records
2025-12-17 08:38:13,236 - INFO - Formatting Excel output: .\Schedules Dec 22nd - Jan 11th_20251217_083812_clean.xlsx
2025-12-17 08:38:14,262 - INFO - Excel formatting completed
2025-12-17 08:38:14,266 - INFO - 
Processing Statistics:
2025-12-17 08:38:14,266 - INFO - Total records: 2583
2025-12-17 08:38:14,267 - INFO - Records with shift errors: 22
2025-12-17 08:38:14,267 - INFO - Records marked as Vacation: 0
2025-12-17 08:38:14,268 - INFO - Records with special codes: 158
2025-12-17 08:38:14,268 - INFO - 
Sample of schedules with shift errors:
2025-12-17 08:38:14,270 - INFO -   Andrea Hidalgo - 2025-12-24: 00:00-08:30 (Error)
2025-12-17 08:38:14,270 - INFO -   Andrea Hidalgo - 2025-12-25: 00:00-08:30 (Error)
2025-12-17 08:38:14,271 - INFO -   Carla Salas - 2025-12-25: 00:00-08:30 (Error)
2025-12-17 08:38:14,271 - INFO -   Emilio Wong - 2025-12-25: 00:00-08:30 (Error)
2025-12-17 08:38:14,271 - INFO -   Carla Salas - 2025-12-26: 00:00-08:30 (Error)
2025-12-17 08:38:14,272 - INFO -   ... and 17 more
2025-12-17 08:38:14,272 - INFO - Processing completed successfully! Output: .\Schedules Dec 22nd - Jan 11th_20251217_083812_clean.xlsx
2025-12-17 08:38:42,478 - INFO - Processing schedule file: .\Schedules Dec 22nd - Jan 11th.xlsx
2025-12-17 08:38:42,648 - INFO - Original columns: ['ID', 'Firstname', 'Lastname', 'Date', 'Day', 'Start', 'Stop']
2025-12-17 08:38:42,649 - INFO - Original shape: (2583, 7)
2025-12-17 08:38:42,650 - INFO - Standardized columns: ['ID', 'First Name', 'Last Name', 'Date', 'Day', 'Start', 'Stop']
2025-12-17 08:38:42,705 - INFO - Processed 2583 schedule records
2025-12-17 08:38:42,706 - INFO - Processing roster file: .\Agent_affiliations.xlsx
2025-12-17 08:38:42,723 - INFO - Processed 123 roster records
2025-12-17 08:38:42,724 - INFO - Processing code file: .\Exceptions (Dec 22nd - Jan 11th).xlsx
2025-12-17 08:38:42,751 - INFO - Processed 228 code records
2025-12-17 08:38:42,753 - INFO - Merging data from all sources
2025-12-17 08:38:42,767 - WARNING - Using fuzzy match for ID ggomez -> ggoamez
2025-12-17 08:38:42,779 - WARNING - Using fuzzy match for ID matejada -> mtejada
2025-12-17 08:38:42,787 - WARNING - Using fuzzy match for ID ggomez -> ggoamez
2025-12-17 08:38:42,798 - WARNING - Using fuzzy match for ID matejada -> mtejada
2025-12-17 08:38:42,806 - WARNING - Using fuzzy match for ID ggomez -> ggoamez
2025-12-17 08:38:42,818 - WARNING - Using fuzzy match for ID matejada -> mtejada
2025-12-17 08:38:42,826 - WARNING - Using fuzzy match for ID ggomez -> ggoamez
2025-12-17 08:38:42,840 - WARNING - Using fuzzy match for ID matejada -> mtejada
2025-12-17 08:38:42,847 - WARNING - Using fuzzy match for ID ggomez -> ggoamez
2025-12-17 08:38:42,858 - WARNING - Using fuzzy match for ID matejada -> mtejada
2025-12-17 08:38:42,863 - WARNING - Using fuzzy match for ID ggomez -> ggoamez
2025-12-17 08:38:42,870 - WARNING - Using fuzzy match for ID matejada -> mtejada
2025-12-17 08:38:42,875 - WARNING - Using fuzzy match for ID ggomez -> ggoamez
2025-12-17 08:38:42,880 - WARNING - Using fuzzy match for ID matejada -> mtejada
2025-12-17 08:38:42,884 - WARNING - Using fuzzy match for ID ggomez -> ggoamez
2025-12-17 08:38:42,890 - WARNING - Using fuzzy match for ID matejada -> mtejada
2025-12-17 08:38:42,896 - WARNING - Using fuzzy match for ID ggomez -> ggoamez
2025-12-17 08:38:42,901 - WARNING - Using fuzzy match for ID matejada -> mtejada
2025-12-17 08:38:42,906 - WARNING - Using fuzzy match for ID ggomez -> ggoamez
2025-12-17 08:38:42,911 - WARNING - Using fuzzy match for ID matejada -> mtejada
2025-12-17 08:38:42,916 - WARNING - Using fuzzy match for ID ggomez -> ggoamez
2025-12-17 08:38:42,922 - WARNING - Using fuzzy match for ID matejada -> mtejada
2025-12-17 08:38:42,926 - WARNING - Using fuzzy match for ID ggomez -> ggoamez
2025-12-17 08:38:42,934 - WARNING - Using fuzzy match for ID matejada -> mtejada
2025-12-17 08:38:42,937 - WARNING - Using fuzzy match for ID ggomez -> ggoamez
2025-12-17 08:38:42,944 - WARNING - Using fuzzy match for ID matejada -> mtejada
2025-12-17 08:38:42,949 - WARNING - Using fuzzy match for ID ggomez -> ggoamez
2025-12-17 08:38:42,955 - WARNING - Using fuzzy match for ID matejada -> mtejada
2025-12-17 08:38:42,962 - WARNING - Using fuzzy match for ID ggomez -> ggoamez
2025-12-17 08:38:42,975 - WARNING - Using fuzzy match for ID matejada -> mtejada
2025-12-17 08:38:42,988 - WARNING - Using fuzzy match for ID ggomez -> ggoamez
2025-12-17 08:38:43,003 - WARNING - Using fuzzy match for ID matejada -> mtejada
2025-12-17 08:38:43,012 - WARNING - Using fuzzy match for ID ggomez -> ggoamez
2025-12-17 08:38:43,025 - WARNING - Using fuzzy match for ID matejada -> mtejada
2025-12-17 08:38:43,038 - WARNING - Using fuzzy match for ID ggomez -> ggoamez
2025-12-17 08:38:43,052 - WARNING - Using fuzzy match for ID matejada -> mtejada
2025-12-17 08:38:43,061 - WARNING - Using fuzzy match for ID ggomez -> ggoamez
2025-12-17 08:38:43,079 - WARNING - Using fuzzy match for ID matejada -> mtejada
2025-12-17 08:38:43,087 - WARNING - Using fuzzy match for ID ggomez -> ggoamez
2025-12-17 08:38:43,104 - WARNING - Using fuzzy match for ID matejada -> mtejada
2025-12-17 08:38:43,111 - WARNING - Using fuzzy match for ID ggomez -> ggoamez
2025-12-17 08:38:43,124 - WARNING - Using fuzzy match for ID matejada -> mtejada
2025-12-17 08:38:43,133 - INFO - Merged data contains 2583 records
2025-12-17 08:38:43,554 - INFO - Formatting Excel output: .\Schedules Dec 22nd - Jan 11th_20251217_083843_clean.xlsx
2025-12-17 08:38:44,569 - INFO - Excel formatting completed
2025-12-17 08:38:44,574 - INFO - 
Processing Statistics:
2025-12-17 08:38:44,574 - INFO - Total records: 2583
2025-12-17 08:38:44,574 - INFO - Records with shift errors: 0
2025-12-17 08:38:44,575 - INFO - Records marked as Vacation: 16
2025-12-17 08:38:44,575 - INFO - Records with special codes: 158
2025-12-17 08:38:44,575 - INFO - Processing completed successfully! Output: .\Schedules Dec 22nd - Jan 11th_20251217_083843_clean.xlsx
2026-01-03 13:42:24,153 - INFO - Processing schedule file: .\Januarys schedules.xlsx
2026-01-03 13:42:24,279 - INFO - Original columns: ['Employee', 'Unnamed: 1', 'Unnamed: 2', 'Date', 'Unnamed: 4', 'Unnamed: 5', 'Earliest', 'Latest', 'Work', 'Unnamed: 9', 'General', 'Unnamed: 11']
2026-01-03 13:42:24,279 - INFO - Original shape: (3473, 12)
2026-01-03 13:42:24,280 - INFO - Standardized columns: ['Employee', '1', '2', 'Date', '4', '5', 'Start', 'Stop', 'Work', '9', 'General', '11']
2026-01-03 13:42:24,281 - ERROR - Error processing files: Could not determine agent name from columns
2026-01-03 13:42:24,281 - ERROR - Processing failed: Could not determine agent name from columns
2026-01-03 13:45:59,562 - INFO - Processing schedule file: .\Januarys schedules.xlsx
2026-01-03 13:45:59,572 - ERROR - Error processing files: [Errno 13] Permission denied: '.\\Januarys schedules.xlsx'
2026-01-03 13:45:59,573 - ERROR - Processing failed: [Errno 13] Permission denied: '.\\Januarys schedules.xlsx'
2026-01-03 13:46:09,431 - INFO - Processing schedule file: .\Januarys schedules.xlsx
2026-01-03 13:46:09,554 - INFO - Original columns: ['ID', 'First Name', ' Last Name', 'Date', 'Day', 'Start', 'Stop']
2026-01-03 13:46:09,555 - INFO - Original shape: (3472, 7)
2026-01-03 13:46:09,556 - INFO - Standardized columns: ['ID', 'First Name', 'Last Name', 'Date', 'Day', 'Start', 'Stop']
2026-01-03 13:46:09,605 - INFO - Processed 3472 schedule records
2026-01-03 13:46:09,606 - INFO - Processing roster file: .\Roster - January  2026 (1).xlsx
2026-01-03 13:46:09,636 - ERROR - Error processing files: Missing required columns in roster file: Queue
2026-01-03 13:46:09,636 - ERROR - Processing failed: Missing required columns in roster file: Queue
2026-01-03 13:54:32,299 - INFO - Processing schedule file: .\Januarys schedules.xlsx
2026-01-03 13:54:32,449 - INFO - Original columns: ['ID', 'First Name', ' Last Name', 'Date', 'Day', 'Start', 'Stop']
2026-01-03 13:54:32,450 - INFO - Original shape: (3472, 7)
2026-01-03 13:54:32,451 - INFO - Standardized columns: ['ID', 'First Name', 'Last Name', 'Date', 'Day', 'Start', 'Stop']
2026-01-03 13:54:32,503 - INFO - Processed 3472 schedule records
2026-01-03 13:54:32,504 - INFO - Processing roster file: .\Roster - January  2026 (1).xlsx
2026-01-03 13:54:32,504 - ERROR - Error processing files: [Errno 13] Permission denied: '.\\Roster - January  2026 (1).xlsx'
2026-01-03 13:54:32,505 - ERROR - Processing failed: [Errno 13] Permission denied: '.\\Roster - January  2026 (1).xlsx'
2026-01-03 13:54:44,971 - INFO - Processing schedule file: .\Januarys schedules.xlsx
2026-01-03 13:54:45,108 - INFO - Original columns: ['ID', 'First Name', ' Last Name', 'Date', 'Day', 'Start', 'Stop']
2026-01-03 13:54:45,109 - INFO - Original shape: (3472, 7)
2026-01-03 13:54:45,110 - INFO - Standardized columns: ['ID', 'First Name', 'Last Name', 'Date', 'Day', 'Start', 'Stop']
2026-01-03 13:54:45,163 - INFO - Processed 3472 schedule records
2026-01-03 13:54:45,164 - INFO - Processing roster file: .\Roster - January  2026 (1).xlsx
2026-01-03 13:54:45,205 - ERROR - Error processing files: The truth value of a Series is ambiguous. Use a.empty, a.bool(), a.item(), a.any() or a.all().
2026-01-03 13:54:45,206 - ERROR - Processing failed: The truth value of a Series is ambiguous. Use a.empty, a.bool(), a.item(), a.any() or a.all().
2026-01-03 13:55:23,332 - INFO - Processing schedule file: .\Januarys schedules.xlsx
2026-01-03 13:55:23,569 - INFO - Original columns: ['ID', 'First Name', ' Last Name', 'Date', 'Day', 'Start', 'Stop']
2026-01-03 13:55:23,570 - INFO - Original shape: (3472, 7)
2026-01-03 13:55:23,571 - INFO - Standardized columns: ['ID', 'First Name', 'Last Name', 'Date', 'Day', 'Start', 'Stop']
2026-01-03 13:55:23,660 - INFO - Processed 3472 schedule records
2026-01-03 13:55:23,661 - INFO - Processing roster file: .\Roster - January  2026 (1).xlsx
2026-01-03 13:55:23,740 - ERROR - Error processing files: The truth value of a Series is ambiguous. Use a.empty, a.bool(), a.item(), a.any() or a.all().
2026-01-03 13:55:23,741 - ERROR - Processing failed: The truth value of a Series is ambiguous. Use a.empty, a.bool(), a.item(), a.any() or a.all().
2026-01-03 14:08:32,980 - INFO - Processing schedule file: .\Januarys schedules.xlsx
2026-01-03 14:08:33,083 - INFO - Original columns: ['ID', 'First Name', ' Last Name', 'Date', 'Day', 'Start', 'Stop']
2026-01-03 14:08:33,083 - INFO - Original shape: (3472, 7)
2026-01-03 14:08:33,084 - INFO - Standardized columns: ['ID', 'First Name', 'Last Name', 'Date', 'Day', 'Start', 'Stop']
2026-01-03 14:08:33,120 - INFO - Processed 3472 schedule records
2026-01-03 14:08:33,121 - INFO - Processing roster file: .\Roster - January  2026 (1).xlsx
2026-01-03 14:08:33,152 - ERROR - Error processing files: The truth value of a Series is ambiguous. Use a.empty, a.bool(), a.item(), a.any() or a.all().
2026-01-03 14:08:33,153 - ERROR - Processing failed: The truth value of a Series is ambiguous. Use a.empty, a.bool(), a.item(), a.any() or a.all().
2026-01-03 14:39:50,171 - INFO - Processing schedule file: .\Januarys schedules.xlsx
2026-01-03 14:39:50,277 - INFO - Original columns: ['ID', 'First Name', ' Last Name', 'Date', 'Day', 'Start', 'Stop']
2026-01-03 14:39:50,278 - INFO - Original shape: (3472, 7)
2026-01-03 14:39:50,278 - INFO - Standardized columns: ['ID', 'First Name', 'Last Name', 'Date', 'Day', 'Start', 'Stop']
2026-01-03 14:39:50,317 - INFO - Processed 3472 schedule records
2026-01-03 14:39:50,319 - INFO - Processing roster file: .\Roster - January  2026 (1).xlsx
2026-01-03 14:39:50,353 - ERROR - Error processing files: The truth value of a Series is ambiguous. Use a.empty, a.bool(), a.item(), a.any() or a.all().
2026-01-03 14:39:50,353 - ERROR - Processing failed: The truth value of a Series is ambiguous. Use a.empty, a.bool(), a.item(), a.any() or a.all().
2026-01-03 14:42:30,726 - INFO - Processing schedule file: .\Januarys schedules.xlsx
2026-01-03 14:42:30,913 - INFO - Original columns: ['ID', 'First Name', ' Last Name', 'Date', 'Day', 'Start', 'Stop']
2026-01-03 14:42:30,914 - INFO - Original shape: (3472, 7)
2026-01-03 14:42:30,914 - INFO - Standardized columns: ['ID', 'First Name', 'Last Name', 'Date', 'Day', 'Start', 'Stop']
2026-01-03 14:42:30,979 - INFO - Processed 3472 schedule records
2026-01-03 14:42:30,980 - INFO - Processing roster file: .\Roster - January  2026 (1).xlsx
2026-01-03 14:42:31,037 - ERROR - Error processing files: The truth value of a Series is ambiguous. Use a.empty, a.bool(), a.item(), a.any() or a.all().
2026-01-03 14:42:31,037 - ERROR - Processing failed: The truth value of a Series is ambiguous. Use a.empty, a.bool(), a.item(), a.any() or a.all().
2026-01-03 14:45:40,170 - INFO - Processing schedule file: .\Januarys schedules.xlsx
2026-01-03 14:45:40,436 - INFO - Original columns: ['ID', 'First Name', ' Last Name', 'Date', 'Day', 'Start', 'Stop']
2026-01-03 14:45:40,437 - INFO - Original shape: (3472, 7)
2026-01-03 14:45:40,438 - INFO - Standardized columns: ['ID', 'First Name', 'Last Name', 'Date', 'Day', 'Start', 'Stop']
2026-01-03 14:45:40,519 - INFO - Processed 3472 schedule records
2026-01-03 14:45:40,520 - INFO - Processing roster file: .\Roster - January  2026 (1).xlsx
2026-01-03 14:45:40,570 - INFO - Roster columns after standardization: ['#', 'Name', 'Last Name', 'First Name', 'Batch', 'ID', 'ID', 'User', 'Axonify', 'Supervisor', 'Manager', 'Tier', 'Shift', 'Schedule', 'Queue', 'Role', 'Date', 'Date', 'Date', 'Date']
2026-01-03 14:45:40,571 - ERROR - Error processing files: The truth value of a Series is ambiguous. Use a.empty, a.bool(), a.item(), a.any() or a.all().
2026-01-03 14:45:40,572 - ERROR - Processing failed: The truth value of a Series is ambiguous. Use a.empty, a.bool(), a.item(), a.any() or a.all().
2026-01-03 14:53:02,249 - INFO - Processing schedule file: .\Januarys schedules.xlsx
2026-01-03 14:53:02,381 - INFO - Original columns: ['ID', 'First Name', ' Last Name', 'Date', 'Day', 'Start', 'Stop']
2026-01-03 14:53:02,382 - INFO - Original shape: (3472, 7)
2026-01-03 14:53:02,382 - INFO - Standardized columns: ['ID', 'First Name', 'Last Name', 'Date', 'Day', 'Start', 'Stop']
2026-01-03 14:53:02,429 - INFO - Processed 3472 schedule records
2026-01-03 14:53:02,430 - INFO - Processing roster file: .\Roster - January  2026 (1).xlsx
2026-01-03 14:53:02,431 - ERROR - Error processing files: [Errno 13] Permission denied: '.\\Roster - January  2026 (1).xlsx'
2026-01-03 14:53:02,432 - ERROR - Processing failed: [Errno 13] Permission denied: '.\\Roster - January  2026 (1).xlsx'
2026-01-03 14:53:12,661 - INFO - Processing schedule file: .\Januarys schedules.xlsx
2026-01-03 14:53:12,810 - INFO - Original columns: ['ID', 'First Name', ' Last Name', 'Date', 'Day', 'Start', 'Stop']
2026-01-03 14:53:12,811 - INFO - Original shape: (3472, 7)
2026-01-03 14:53:12,812 - INFO - Standardized columns: ['ID', 'First Name', 'Last Name', 'Date', 'Day', 'Start', 'Stop']
2026-01-03 14:53:12,870 - INFO - Processed 3472 schedule records
2026-01-03 14:53:12,871 - INFO - Processing roster file: .\Roster - January  2026 (1).xlsx
2026-01-03 14:53:12,912 - INFO - Roster columns after standardization: ['ID', 'Queue', 'Supervisor', 'Shift', 'Batch']
2026-01-03 14:53:12,913 - INFO - Processed 132 roster records
2026-01-03 14:53:12,914 - INFO - Processing code file: .\Exceptions.xlsx
2026-01-03 14:53:12,942 - INFO - Processed 338 code records
2026-01-03 14:53:12,943 - INFO - Merging data from all sources
2026-01-03 14:53:12,949 - ERROR - Error processing files: DataFrame index must be unique for orient='index'.
2026-01-03 14:53:12,950 - ERROR - Processing failed: DataFrame index must be unique for orient='index'.
2026-01-03 14:59:56,922 - INFO - Processing schedule file: .\Januarys schedules.xlsx
2026-01-03 14:59:57,097 - INFO - Original columns: ['ID', 'First Name', ' Last Name', 'Date', 'Day', 'Start', 'Stop']
2026-01-03 14:59:57,098 - INFO - Original shape: (3472, 7)
2026-01-03 14:59:57,099 - INFO - Standardized columns: ['ID', 'First Name', 'Last Name', 'Date', 'Day', 'Start', 'Stop']
2026-01-03 14:59:57,165 - INFO - Processed 3472 schedule records
2026-01-03 14:59:57,166 - INFO - Processing roster file: .\Roster - January  2026 (1).xlsx
2026-01-03 14:59:57,167 - ERROR - Error processing files: [Errno 13] Permission denied: '.\\Roster - January  2026 (1).xlsx'
2026-01-03 14:59:57,167 - ERROR - Processing failed: [Errno 13] Permission denied: '.\\Roster - January  2026 (1).xlsx'
2026-01-03 15:00:05,850 - INFO - Processing schedule file: .\Januarys schedules.xlsx
2026-01-03 15:00:06,029 - INFO - Original columns: ['ID', 'First Name', ' Last Name', 'Date', 'Day', 'Start', 'Stop']
2026-01-03 15:00:06,030 - INFO - Original shape: (3472, 7)
2026-01-03 15:00:06,031 - INFO - Standardized columns: ['ID', 'First Name', 'Last Name', 'Date', 'Day', 'Start', 'Stop']
2026-01-03 15:00:06,097 - INFO - Processed 3472 schedule records
2026-01-03 15:00:06,098 - INFO - Processing roster file: .\Roster - January  2026 (1).xlsx
2026-01-03 15:00:06,148 - INFO - Roster columns after standardization: ['ID', 'Queue', 'Supervisor', 'Shift', 'Batch']
2026-01-03 15:00:06,150 - INFO - Processed 132 roster records
2026-01-03 15:00:06,151 - INFO - Processing code file: .\Exceptions.xlsx
2026-01-03 15:00:06,180 - INFO - Processed 338 code records
2026-01-03 15:00:06,182 - INFO - Merging data from all sources
2026-01-03 15:00:06,185 - ERROR - Error processing files: DataFrame index must be unique for orient='index'.
2026-01-03 15:00:06,186 - ERROR - Processing failed: DataFrame index must be unique for orient='index'.
2026-01-03 15:01:01,302 - INFO - Processing schedule file: .\Januarys schedules.xlsx
2026-01-03 15:01:01,636 - INFO - Original columns: ['ID', 'First Name', ' Last Name', 'Date', 'Day', 'Start', 'Stop']
2026-01-03 15:01:01,638 - INFO - Original shape: (3472, 7)
2026-01-03 15:01:01,639 - INFO - Standardized columns: ['ID', 'First Name', 'Last Name', 'Date', 'Day', 'Start', 'Stop']
2026-01-03 15:01:01,744 - INFO - Processed 3472 schedule records
2026-01-03 15:01:01,745 - INFO - Processing roster file: .\Roster - January  2026 (1).xlsx
2026-01-03 15:01:01,836 - INFO - Roster columns after standardization: ['ID', 'Queue', 'Supervisor', 'Shift', 'Batch']
2026-01-03 15:01:01,839 - INFO - Processed 132 roster records
2026-01-03 15:01:01,841 - INFO - Processing code file: .\Exceptions.xlsx
2026-01-03 15:01:01,887 - INFO - Processed 338 code records
2026-01-03 15:01:01,890 - INFO - Merging data from all sources
2026-01-03 15:01:01,893 - ERROR - Error processing files: DataFrame index must be unique for orient='index'.
2026-01-03 15:01:01,894 - ERROR - Processing failed: DataFrame index must be unique for orient='index'.
2026-01-03 15:03:01,622 - INFO - Processing schedule file: .\Januarys schedules.xlsx
2026-01-03 15:03:01,833 - INFO - Original columns: ['ID', 'First Name', ' Last Name', 'Date', 'Day', 'Start', 'Stop']
2026-01-03 15:03:01,834 - INFO - Original shape: (3472, 7)
2026-01-03 15:03:01,835 - INFO - Standardized columns: ['ID', 'First Name', 'Last Name', 'Date', 'Day', 'Start', 'Stop']
2026-01-03 15:03:01,907 - INFO - Processed 3472 schedule records
2026-01-03 15:03:01,908 - INFO - Processing roster file: .\Roster - January  2026 (1).xlsx
2026-01-03 15:03:01,966 - INFO - Roster columns after standardization: ['ID', 'Queue', 'Supervisor', 'Shift', 'Batch']
2026-01-03 15:03:01,967 - INFO - Processed 132 roster records
2026-01-03 15:03:01,968 - INFO - Processing code file: .\Exceptions.xlsx
2026-01-03 15:03:02,000 - INFO - Processed 338 code records
2026-01-03 15:03:02,001 - INFO - Merging data from all sources
2026-01-03 15:03:02,005 - ERROR - Error processing files: DataFrame index must be unique for orient='index'.
2026-01-03 15:03:02,007 - ERROR - Processing failed: DataFrame index must be unique for orient='index'.
2026-01-03 15:04:19,132 - INFO - Processing schedule file: .\Januarys schedules.xlsx
2026-01-03 15:04:19,353 - INFO - Original columns: ['ID', 'First Name', ' Last Name', 'Date', 'Day', 'Start', 'Stop']
2026-01-03 15:04:19,355 - INFO - Original shape: (3472, 7)
2026-01-03 15:04:19,356 - INFO - Standardized columns: ['ID', 'First Name', 'Last Name', 'Date', 'Day', 'Start', 'Stop']
2026-01-03 15:04:19,432 - INFO - Processed 3472 schedule records
2026-01-03 15:04:19,433 - INFO - Processing roster file: .\Roster - January  2026 (1).xlsx
2026-01-03 15:04:19,485 - INFO - Roster columns after standardization: ['ID', 'Queue', 'Supervisor', 'Shift', 'Batch']
2026-01-03 15:04:19,486 - INFO - Processed 132 roster records
2026-01-03 15:04:19,487 - INFO - Processing code file: .\Exceptions.xlsx
2026-01-03 15:04:19,517 - INFO - Processed 338 code records
2026-01-03 15:04:19,522 - INFO - Merging data from all sources
2026-01-03 15:04:19,525 - ERROR - Error processing files: DataFrame index must be unique for orient='index'.
2026-01-03 15:04:19,525 - ERROR - Processing failed: DataFrame index must be unique for orient='index'.
2026-01-03 15:08:35,512 - INFO - Processing schedule file: .\Januarys schedules.xlsx
2026-01-03 15:08:35,692 - INFO - Original columns: ['ID', 'First Name', ' Last Name', 'Date', 'Day', 'Start', 'Stop']
2026-01-03 15:08:35,692 - INFO - Original shape: (3472, 7)
2026-01-03 15:08:35,693 - INFO - Standardized columns: ['ID', 'First Name', 'Last Name', 'Date', 'Day', 'Start', 'Stop']
2026-01-03 15:08:35,762 - INFO - Processed 3472 schedule records
2026-01-03 15:08:35,764 - INFO - Schedule file processed ok!
2026-01-03 15:08:35,765 - INFO - Processing roster file: .\Roster - January  2026 (1).xlsx
2026-01-03 15:08:35,811 - INFO - Roster columns after standardization: ['ID', 'Queue', 'Supervisor', 'Shift', 'Batch']
2026-01-03 15:08:35,812 - INFO - Processed 132 roster records
2026-01-03 15:08:35,813 - INFO - Roster file processed ok!
2026-01-03 15:08:35,815 - INFO - Processing code file: .\Exceptions.xlsx
2026-01-03 15:08:35,842 - INFO - Processed 338 code records
2026-01-03 15:08:35,844 - INFO - Code file processed ok!
2026-01-03 15:08:35,845 - INFO - Merging data from all sources
2026-01-03 15:08:35,851 - ERROR - Error processing files: DataFrame index must be unique for orient='index'.
2026-01-03 15:08:35,852 - ERROR - Processing failed: DataFrame index must be unique for orient='index'.
2026-01-03 15:09:08,494 - INFO - Processing schedule file: .\Januarys schedules.xlsx
2026-01-03 15:09:08,680 - INFO - Original columns: ['ID', 'First Name', ' Last Name', 'Date', 'Day', 'Start', 'Stop']
2026-01-03 15:09:08,680 - INFO - Original shape: (3472, 7)
2026-01-03 15:09:08,681 - INFO - Standardized columns: ['ID', 'First Name', 'Last Name', 'Date', 'Day', 'Start', 'Stop']
2026-01-03 15:09:08,761 - INFO - Processed 3472 schedule records
2026-01-03 15:09:08,762 - INFO - Schedule file processed ok!
2026-01-03 15:09:08,763 - INFO - Processing roster file: .\Roster - January  2026 (1).xlsx
2026-01-03 15:09:08,828 - INFO - Roster columns after standardization: ['ID', 'Queue', 'Supervisor', 'Shift', 'Batch']
2026-01-03 15:09:08,830 - INFO - Processed 132 roster records
2026-01-03 15:09:08,831 - INFO - Roster file processed ok!
2026-01-03 15:09:08,832 - INFO - Processing code file: .\Exceptions.xlsx
2026-01-03 15:09:08,869 - INFO - Processed 338 code records
2026-01-03 15:09:08,871 - INFO - Code file processed ok!
2026-01-03 15:09:08,872 - INFO - Merging data from all sources
2026-01-03 15:09:08,874 - ERROR - Error processing files: DataFrame index must be unique for orient='index'.
2026-01-03 15:09:08,875 - ERROR - Processing failed: DataFrame index must be unique for orient='index'.
2026-01-03 15:42:40,642 - INFO - Processing schedule file: .\Januarys schedules.xlsx
2026-01-03 15:42:40,769 - INFO - Original columns: ['ID', 'First Name', ' Last Name', 'Date', 'Day', 'Start', 'Stop']
2026-01-03 15:42:40,770 - INFO - Original shape: (3472, 7)
2026-01-03 15:42:40,771 - INFO - Standardized columns: ['ID', 'First Name', 'Last Name', 'Date', 'Day', 'Start', 'Stop']
2026-01-03 15:42:40,819 - INFO - Processed 3472 schedule records
2026-01-03 15:42:40,820 - INFO - Schedule file processed ok!
2026-01-03 15:42:40,821 - INFO - Processing roster file: .\Roster - January  2026 (1).xlsx
2026-01-03 15:42:40,858 - INFO - Roster columns after standardization: ['ID', 'Queue', 'Supervisor', 'Shift', 'Batch']
2026-01-03 15:42:40,859 - INFO - Processed 130 roster records
2026-01-03 15:42:40,859 - INFO - Roster file processed ok!
2026-01-03 15:42:40,860 - INFO - Processing code file: .\Exceptions.xlsx
2026-01-03 15:42:40,905 - INFO - Processed 338 code records
2026-01-03 15:42:40,906 - INFO - Code file processed ok!
2026-01-03 15:42:40,906 - INFO - Merging data from all sources
2026-01-03 15:42:40,926 - ERROR - Error processing files: object of type 'NoneType' has no len()
2026-01-03 15:42:40,926 - ERROR - Processing failed: object of type 'NoneType' has no len()
2026-01-03 15:44:30,915 - INFO - Processing schedule file: .\Januarys schedules.xlsx
2026-01-03 15:44:31,129 - INFO - Original columns: ['ID', 'First Name', ' Last Name', 'Date', 'Day', 'Start', 'Stop']
2026-01-03 15:44:31,130 - INFO - Original shape: (3472, 7)
2026-01-03 15:44:31,131 - INFO - Standardized columns: ['ID', 'First Name', 'Last Name', 'Date', 'Day', 'Start', 'Stop']
2026-01-03 15:44:31,206 - INFO - Processed 3472 schedule records
2026-01-03 15:44:31,206 - INFO - Schedule file processed ok!
2026-01-03 15:44:31,207 - INFO - Processing roster file: .\Roster - January  2026 (1).xlsx
2026-01-03 15:44:31,264 - INFO - Roster columns after standardization: ['ID', 'Queue', 'Supervisor', 'Shift', 'Batch']
2026-01-03 15:44:31,265 - INFO - Processed 130 roster records
2026-01-03 15:44:31,266 - INFO - Roster file processed ok!
2026-01-03 15:44:31,267 - INFO - Processing code file: .\Exceptions.xlsx
2026-01-03 15:44:31,296 - INFO - Processed 338 code records
2026-01-03 15:44:31,298 - INFO - Code file processed ok!
2026-01-03 15:44:31,299 - INFO - Merging data from all sources
2026-01-03 15:44:31,317 - ERROR - Error processing files: object of type 'NoneType' has no len()
2026-01-03 15:44:31,318 - ERROR - Processing failed: object of type 'NoneType' has no len()
2026-01-03 15:46:26,776 - INFO - Processing schedule file: .\Januarys schedules.xlsx
2026-01-03 15:46:26,931 - INFO - Original columns: ['ID', 'First Name', ' Last Name', 'Date', 'Day', 'Start', 'Stop']
2026-01-03 15:46:26,932 - INFO - Original shape: (3472, 7)
2026-01-03 15:46:26,933 - INFO - Standardized columns: ['ID', 'First Name', 'Last Name', 'Date', 'Day', 'Start', 'Stop']
2026-01-03 15:46:26,992 - INFO - Processed 3472 schedule records
2026-01-03 15:46:26,993 - INFO - Schedule file processed ok!
2026-01-03 15:46:26,993 - INFO - Processing roster file: .\Roster - January  2026 (1).xlsx
2026-01-03 15:46:27,041 - INFO - Roster columns after standardization: ['ID', 'Name', 'Queue', 'Supervisor', 'Shift', 'Batch']
2026-01-03 15:46:27,042 - INFO - Processed 130 roster records
2026-01-03 15:46:27,043 - INFO - Roster file processed ok!
2026-01-03 15:46:27,044 - INFO - Processing code file: .\Exceptions.xlsx
2026-01-03 15:46:27,068 - INFO - Processed 338 code records
2026-01-03 15:46:27,069 - INFO - Code file processed ok!
2026-01-03 15:46:27,070 - INFO - Merging data from all sources
2026-01-03 15:46:27,078 - ERROR - Error processing files: object of type 'NoneType' has no len()
2026-01-03 15:46:27,079 - ERROR - Processing failed: object of type 'NoneType' has no len()
2026-01-03 15:49:09,800 - INFO - Processing schedule file: .\Januarys schedules.xlsx
2026-01-03 15:49:10,054 - INFO - Original columns: ['ID', 'First Name', ' Last Name', 'Date', 'Day', 'Start', 'Stop']
2026-01-03 15:49:10,056 - INFO - Original shape: (3472, 7)
2026-01-03 15:49:10,057 - INFO - Standardized columns: ['ID', 'First Name', 'Last Name', 'Date', 'Day', 'Start', 'Stop']
2026-01-03 15:49:10,146 - INFO - Processed 3472 schedule records
2026-01-03 15:49:10,147 - INFO - Schedule file processed ok!
2026-01-03 15:49:10,148 - INFO - Processing roster file: .\Roster - January  2026 (1).xlsx
2026-01-03 15:49:10,219 - INFO - Roster columns after standardization: ['ID', 'Name', 'Queue', 'Supervisor', 'Shift', 'Batch']
2026-01-03 15:49:10,221 - INFO - Processed 130 roster records
2026-01-03 15:49:10,222 - INFO - Roster file processed ok!
2026-01-03 15:49:10,223 - INFO - Processing code file: .\Exceptions.xlsx
2026-01-03 15:49:10,263 - INFO - Processed 338 code records
2026-01-03 15:49:10,265 - INFO - Code file processed ok!
2026-01-03 15:49:10,266 - INFO - Merging data from all sources
2026-01-03 15:49:10,291 - ERROR - Error processing files: object of type 'NoneType' has no len()
2026-01-03 15:49:10,291 - ERROR - Processing failed: object of type 'NoneType' has no len()
2026-01-03 16:02:01,054 - INFO - Processing schedule file: .\Januarys schedules.xlsx
2026-01-03 16:02:01,228 - INFO - Original columns: ['ID', 'First Name', ' Last Name', 'Date', 'Day', 'Start', 'Stop']
2026-01-03 16:02:01,229 - INFO - Original shape: (3472, 7)
2026-01-03 16:02:01,230 - INFO - Standardized columns: ['ID', 'First Name', 'Last Name', 'Date', 'Day', 'Start', 'Stop']
2026-01-03 16:02:01,294 - INFO - Processed 3472 schedule records
2026-01-03 16:02:01,295 - INFO - Schedule file processed ok!
2026-01-03 16:02:01,296 - INFO - Processing roster file: .\Roster - January  2026 (1).xlsx
2026-01-03 16:02:01,359 - INFO - Roster columns after standardization: ['ID', 'Name', 'Queue', 'Supervisor', 'Shift', 'Batch']
2026-01-03 16:02:01,361 - INFO - Processed 130 roster records
2026-01-03 16:02:01,362 - INFO - Roster file processed ok!
2026-01-03 16:02:01,362 - INFO - Processing code file: .\Exceptions.xlsx
2026-01-03 16:02:01,403 - INFO - Processed 338 code records
2026-01-03 16:02:01,405 - INFO - Code file processed ok!
2026-01-03 16:02:01,406 - INFO - Merging data from all sources
2026-01-03 16:02:01,421 - ERROR - Error processing files: object of type 'NoneType' has no len()
2026-01-03 16:02:01,422 - ERROR - Processing failed: object of type 'NoneType' has no len()
2026-01-03 16:02:54,172 - INFO - Processing schedule file: .\Januarys schedules.xlsx
2026-01-03 16:02:54,428 - INFO - Original columns: ['ID', 'First Name', ' Last Name', 'Date', 'Day', 'Start', 'Stop']
2026-01-03 16:02:54,429 - INFO - Original shape: (3472, 7)
2026-01-03 16:02:54,431 - INFO - Standardized columns: ['ID', 'First Name', 'Last Name', 'Date', 'Day', 'Start', 'Stop']
2026-01-03 16:02:54,518 - INFO - Processed 3472 schedule records
2026-01-03 16:02:54,519 - INFO - Schedule file processed ok!
2026-01-03 16:02:54,519 - INFO - Processing roster file: .\Roster - January  2026 (1).xlsx
2026-01-03 16:02:54,589 - INFO - Roster columns after standardization: ['ID', 'Name', 'Queue', 'Supervisor', 'Shift', 'Batch']
2026-01-03 16:02:54,591 - INFO - Processed 130 roster records
2026-01-03 16:02:54,592 - INFO - Roster file processed ok!
2026-01-03 16:02:54,593 - INFO - Processing code file: .\Exceptions.xlsx
2026-01-03 16:02:54,626 - INFO - Processed 338 code records
2026-01-03 16:02:54,629 - INFO - Code file processed ok!
2026-01-03 16:02:54,629 - INFO - Merging data from all sources
2026-01-03 16:02:54,656 - ERROR - Error processing files: object of type 'NoneType' has no len()
2026-01-03 16:02:54,657 - ERROR - Processing failed: object of type 'NoneType' has no len()
2026-01-03 16:04:46,498 - INFO - Processing schedule file: .\Januarys schedules.xlsx
2026-01-03 16:04:46,625 - INFO - Original columns: ['ID', 'First Name', ' Last Name', 'Date', 'Day', 'Start', 'Stop']
2026-01-03 16:04:46,626 - INFO - Original shape: (3472, 7)
2026-01-03 16:04:46,627 - INFO - Standardized columns: ['ID', 'First Name', 'Last Name', 'Date', 'Day', 'Start', 'Stop']
2026-01-03 16:04:46,674 - INFO - Processed 3472 schedule records
2026-01-03 16:04:46,675 - INFO - Schedule file processed ok!
2026-01-03 16:04:46,676 - INFO - Processing roster file: .\Roster - January  2026 (1).xlsx
2026-01-03 16:04:46,720 - INFO - Roster columns after standardization: ['ID', 'Name', 'Queue', 'Supervisor', 'Shift', 'Batch']
2026-01-03 16:04:46,721 - INFO - Processed 130 roster records
2026-01-03 16:04:46,722 - INFO - Roster file processed ok!
2026-01-03 16:04:46,722 - INFO - Processing code file: .\Exceptions.xlsx
2026-01-03 16:04:46,740 - INFO - Processed 338 code records
2026-01-03 16:04:46,742 - INFO - Code file processed ok!
2026-01-03 16:04:46,743 - INFO - Merging data from all sources
2026-01-03 16:04:46,755 - ERROR - Error processing files: object of type 'NoneType' has no len()
2026-01-03 16:04:46,756 - ERROR - Processing failed: object of type 'NoneType' has no len()
2026-01-03 16:06:04,434 - INFO - Processing schedule file: .\Januarys schedules.xlsx
2026-01-03 16:06:04,611 - INFO - Original columns: ['ID', 'First Name', ' Last Name', 'Date', 'Day', 'Start', 'Stop']
2026-01-03 16:06:04,613 - INFO - Original shape: (3472, 7)
2026-01-03 16:06:04,614 - INFO - Standardized columns: ['ID', 'First Name', 'Last Name', 'Date', 'Day', 'Start', 'Stop']
2026-01-03 16:06:04,681 - INFO - Processed 3472 schedule records
2026-01-03 16:06:04,682 - INFO - Schedule file processed ok!
2026-01-03 16:06:04,683 - INFO - Processing roster file: .\Roster - January  2026 (1).xlsx
2026-01-03 16:06:04,744 - INFO - Roster columns after standardization: ['ID', 'Name', 'Queue', 'Supervisor', 'Shift', 'Batch']
2026-01-03 16:06:04,746 - INFO - Processed 130 roster records
2026-01-03 16:06:04,747 - INFO - Roster file processed ok!
2026-01-03 16:06:04,748 - INFO - Processing code file: .\Exceptions.xlsx
2026-01-03 16:06:04,776 - INFO - Processed 338 code records
2026-01-03 16:06:04,778 - INFO - Code file processed ok!
2026-01-03 16:06:04,778 - INFO - Merging data from all sources
2026-01-03 16:06:04,790 - ERROR - Error processing files: object of type 'NoneType' has no len()
2026-01-03 16:06:04,791 - ERROR - Processing failed: object of type 'NoneType' has no len()
2026-01-03 16:07:26,636 - INFO - Processing schedule file: .\Januarys schedules.xlsx
2026-01-03 16:07:27,012 - INFO - Original columns: ['ID', 'First Name', ' Last Name', 'Date', 'Day', 'Start', 'Stop']
2026-01-03 16:07:27,014 - INFO - Original shape: (3472, 7)
2026-01-03 16:07:27,016 - INFO - Standardized columns: ['ID', 'First Name', 'Last Name', 'Date', 'Day', 'Start', 'Stop']
2026-01-03 16:07:27,182 - INFO - Processed 3472 schedule records
2026-01-03 16:07:27,183 - INFO - Schedule file processed ok!
2026-01-03 16:07:27,185 - INFO - Processing roster file: .\Roster - January  2026 (1).xlsx
2026-01-03 16:07:27,186 - ERROR - Error processing files: [Errno 13] Permission denied: '.\\Roster - January  2026 (1).xlsx'
2026-01-03 16:07:27,187 - ERROR - Processing failed: [Errno 13] Permission denied: '.\\Roster - January  2026 (1).xlsx'
2026-01-03 16:07:34,218 - INFO - Processing schedule file: .\Januarys schedules.xlsx
2026-01-03 16:07:34,508 - INFO - Original columns: ['ID', 'First Name', ' Last Name', 'Date', 'Day', 'Start', 'Stop']
2026-01-03 16:07:34,510 - INFO - Original shape: (3472, 7)
2026-01-03 16:07:34,511 - INFO - Standardized columns: ['ID', 'First Name', 'Last Name', 'Date', 'Day', 'Start', 'Stop']
2026-01-03 16:07:34,615 - INFO - Processed 3472 schedule records
2026-01-03 16:07:34,616 - INFO - Schedule file processed ok!
2026-01-03 16:07:34,617 - INFO - Processing roster file: .\Roster - January  2026 (1).xlsx
2026-01-03 16:07:34,705 - INFO - Roster columns after standardization: ['ID', 'Name', 'Queue', 'Supervisor', 'Shift', 'Batch']
2026-01-03 16:07:34,708 - INFO - Processed 130 roster records
2026-01-03 16:07:34,709 - INFO - Roster file processed ok!
2026-01-03 16:07:34,710 - INFO - Processing code file: .\Exceptions.xlsx
2026-01-03 16:07:34,755 - INFO - Processed 338 code records
2026-01-03 16:07:34,757 - INFO - Code file processed ok!
2026-01-03 16:07:34,758 - INFO - Merging data from all sources
2026-01-03 16:07:34,776 - ERROR - Error processing files: object of type 'NoneType' has no len()
2026-01-03 16:07:34,777 - ERROR - Processing failed: object of type 'NoneType' has no len()
2026-01-05 08:06:08,181 - INFO - Processing schedule file: .\Januarys schedules.xlsx
2026-01-05 08:06:08,620 - INFO - Original columns: ['ID', 'First Name', ' Last Name', 'Date', 'Day', 'Start', 'Stop']
2026-01-05 08:06:08,621 - INFO - Original shape: (3472, 7)
2026-01-05 08:06:08,623 - INFO - Standardized columns: ['ID', 'First Name', 'Last Name', 'Date', 'Day', 'Start', 'Stop']
2026-01-05 08:06:08,758 - INFO - Processed 3472 schedule records
2026-01-05 08:06:08,759 - INFO - Schedule file processed ok!
2026-01-05 08:06:08,760 - INFO - Processing roster file: .\Roster - January  2026 (1).xlsx
2026-01-05 08:06:08,860 - INFO - Roster columns after standardization: ['ID', 'Name', 'Queue', 'Supervisor', 'Shift', 'Batch']
2026-01-05 08:06:08,862 - INFO - Processed 130 roster records
2026-01-05 08:06:08,862 - INFO - Roster file processed ok!
2026-01-05 08:06:08,863 - INFO - Processing code file: .\Exceptions.xlsx
2026-01-05 08:06:08,943 - INFO - Processed 338 code records
2026-01-05 08:06:08,945 - INFO - Code file processed ok!
2026-01-05 08:06:08,945 - INFO - Merging data from all sources
2026-01-05 08:06:08,981 - ERROR - Error processing files: object of type 'NoneType' has no len()
2026-01-05 08:06:08,982 - ERROR - Processing failed: object of type 'NoneType' has no len()
2026-01-05 08:07:25,519 - INFO - Processing schedule file: .\Januarys schedules.xlsx
2026-01-05 08:07:25,637 - INFO - Original columns: ['ID', 'First Name', ' Last Name', 'Date', 'Day', 'Start', 'Stop']
2026-01-05 08:07:25,637 - INFO - Original shape: (3472, 7)
2026-01-05 08:07:25,638 - INFO - Standardized columns: ['ID', 'First Name', 'Last Name', 'Date', 'Day', 'Start', 'Stop']
2026-01-05 08:07:25,681 - INFO - Processed 3472 schedule records
2026-01-05 08:07:25,681 - INFO - Schedule file processed ok!
2026-01-05 08:07:25,682 - INFO - Processing roster file: .\Roster - January  2026 (1).xlsx
2026-01-05 08:07:25,716 - INFO - Roster columns after standardization: ['ID', 'Name', 'Queue', 'Supervisor', 'Shift', 'Batch']
2026-01-05 08:07:25,717 - INFO - Processed 130 roster records
2026-01-05 08:07:25,718 - INFO - Roster file processed ok!
2026-01-05 08:07:25,718 - INFO - Processing code file: .\Exceptions.xlsx
2026-01-05 08:07:25,734 - INFO - Processed 338 code records
2026-01-05 08:07:25,734 - INFO - Code file processed ok!
2026-01-05 08:07:25,735 - INFO - Merging data from all sources
2026-01-05 08:07:25,745 - ERROR - Error processing files: object of type 'NoneType' has no len()
2026-01-05 08:07:25,746 - ERROR - Processing failed: object of type 'NoneType' has no len()
